INFO  time: initialize in 0.81s
WARN  no build target: /Users/yo_shi/programming/Scala/hello-world/src/main/scala/Main.scala
INFO  running '/Library/Java/JavaVirtualMachines/jdk1.8.0_212.jdk/Contents/Home/jre/bin/java -Djline.terminal=jline.UnsupportedTerminal -Dsbt.log.noformat=true -Dfile.encoding=UTF-8 -jar /var/folders/s_/vk78675d6jq3c__8rsm44nxh0000gn/T/metals63521454006541677/sbt-launch.jar metalsEnable bloopInstall'
ERROR Picked up _JAVA_OPTIONS: -Dfile.encoding=UTF-8
INFO  [info] Loading settings for project global-plugins from metals.sbt ...
INFO  [info] Loading global plugins from /Users/yo_shi/.sbt/1.0/plugins
INFO  [info] Updating ProjectRef(uri("file:/Users/yo_shi/.sbt/1.0/plugins/"), "global-plugins")...
INFO  [info] downloading https://repo1.maven.org/maven2/ch/epfl/scala/bloop-config_2.12/1.3.2/bloop-config_2.12-1.3.2.jar ...
INFO  [info] downloading https://repo1.maven.org/maven2/io/circe/circe-parser_2.12/0.9.3/circe-parser_2.12-0.9.3.jar ...
INFO  [info] downloading https://repo1.maven.org/maven2/io/circe/circe-derivation_2.12/0.9.0-M3/circe-derivation_2.12-0.9.0-M3.jar ...
INFO  [info] downloading https://repo1.maven.org/maven2/io/circe/circe-jawn_2.12/0.9.3/circe-jawn_2.12-0.9.3.jar ...
INFO  [info] downloading https://repo1.maven.org/maven2/ch/epfl/scala/sbt-bloop_2.12_1.0/1.3.2/sbt-bloop-1.3.2.jar ...
INFO  [info] downloading https://repo1.maven.org/maven2/org/scalameta/sbt-metals_2.12_1.0/0.6.1/sbt-metals-0.6.1.jar ...
INFO  [info] 	[SUCCESSFUL ] ch.epfl.scala#sbt-bloop;1.3.2!sbt-bloop.jar (1024ms)
INFO  [info] downloading https://repo1.maven.org/maven2/io/circe/circe-core_2.12/0.9.3/circe-core_2.12-0.9.3.jar ...
INFO  [info] 	[SUCCESSFUL ] io.circe#circe-parser_2.12;0.9.3!circe-parser_2.12.jar (1013ms)
INFO  [info] downloading https://repo1.maven.org/maven2/org/spire-math/jawn-parser_2.12/0.11.1/jawn-parser_2.12-0.11.1.jar ...
INFO  [info] 	[SUCCESSFUL ] io.circe#circe-jawn_2.12;0.9.3!circe-jawn_2.12.jar (983ms)
INFO  [info] downloading https://repo1.maven.org/maven2/io/circe/circe-numbers_2.12/0.9.3/circe-numbers_2.12-0.9.3.jar ...
INFO  [info] 	[SUCCESSFUL ] org.scalameta#sbt-metals;0.6.1!sbt-metals.jar (1262ms)
INFO  [info] downloading https://repo1.maven.org/maven2/org/typelevel/cats-core_2.12/1.0.1/cats-core_2.12-1.0.1.jar ...
INFO  [info] 	[SUCCESSFUL ] io.circe#circe-derivation_2.12;0.9.0-M3!circe-derivation_2.12.jar (1310ms)
INFO  [info] downloading https://repo1.maven.org/maven2/org/typelevel/cats-macros_2.12/1.0.1/cats-macros_2.12-1.0.1.jar ...
INFO  [info] 	[SUCCESSFUL ] ch.epfl.scala#bloop-config_2.12;1.3.2!bloop-config_2.12.jar (1507ms)
INFO  [info] downloading https://repo1.maven.org/maven2/org/typelevel/cats-kernel_2.12/1.0.1/cats-kernel_2.12-1.0.1.jar ...
INFO  [info] 	[SUCCESSFUL ] io.circe#circe-numbers_2.12;0.9.3!circe-numbers_2.12.jar (564ms)
INFO  [info] downloading https://repo1.maven.org/maven2/org/typelevel/machinist_2.12/0.6.2/machinist_2.12-0.6.2.jar ...
INFO  [info] 	[SUCCESSFUL ] org.typelevel#cats-macros_2.12;1.0.1!cats-macros_2.12.jar (750ms)
INFO  [info] 	[SUCCESSFUL ] org.spire-math#jawn-parser_2.12;0.11.1!jawn-parser_2.12.jar (1097ms)
INFO  [info] 	[SUCCESSFUL ] io.circe#circe-core_2.12;0.9.3!circe-core_2.12.jar (1395ms)
INFO  [info] 	[SUCCESSFUL ] org.typelevel#machinist_2.12;0.6.2!machinist_2.12.jar (814ms)
INFO  [info] 	[SUCCESSFUL ] org.typelevel#cats-kernel_2.12;1.0.1!cats-kernel_2.12.jar (1912ms)
INFO  [info] 	[SUCCESSFUL ] org.typelevel#cats-core_2.12;1.0.1!cats-core_2.12.jar (2784ms)
INFO  [info] Done updating.
INFO  [info] Loading project definition from /Users/yo_shi/programming/Scala/hello-world/project
INFO  [info] Updating ProjectRef(uri("file:/Users/yo_shi/programming/Scala/hello-world/project/"), "hello-world-build")...
INFO  [info] Done updating.
INFO  [success] Generated .bloop/hello-world-build.json
INFO  [success] Total time: 4 s, completed 2019/06/12 22:08:50
INFO  [info] Updating ProjectRef(uri("file:/Users/yo_shi/programming/Scala/hello-world/project/"), "hello-world-build")...
INFO  [info] Done updating.
INFO  [info] Loading settings for project hello-world from build.sbt ...
INFO  [info] Set current project to hello-world (in build file:/Users/yo_shi/programming/Scala/hello-world/)
INFO  [info] Set current project to hello-world (in build file:/Users/yo_shi/programming/Scala/hello-world/)
INFO  [info] semanticdb-scalac is enabled
INFO  [info] Updating ...
INFO  [info] downloading https://repo1.maven.org/maven2/org/scalameta/semanticdb-scalac_2.12.8/4.1.9/semanticdb-scalac_2.12.8-4.1.9.jar ...
INFO  [info] 	[SUCCESSFUL ] org.scalameta#semanticdb-scalac_2.12.8;4.1.9!semanticdb-scalac_2.12.8.jar (3541ms)
INFO  [info] Done updating.
INFO  [info] downloading https://repo1.maven.org/maven2/org/typelevel/cats-kernel_2.12/1.6.0/cats-kernel_2.12-1.6.0-sources.jar ...
INFO  [info] downloading https://repo1.maven.org/maven2/org/typelevel/cats-core_2.12/1.6.0/cats-core_2.12-1.6.0-sources.jar ...
INFO  [info] downloading https://repo1.maven.org/maven2/org/typelevel/cats-macros_2.12/1.6.0/cats-macros_2.12-1.6.0-sources.jar ...
INFO  [info] downloading https://repo1.maven.org/maven2/org/typelevel/machinist_2.12/0.6.6/machinist_2.12-0.6.6-sources.jar ...
INFO  [info] downloading https://repo1.maven.org/maven2/org/scala-lang/scala-library/2.12.8/scala-library-2.12.8-sources.jar ...
INFO  [info] downloading https://repo1.maven.org/maven2/org/scala-lang/scala-reflect/2.12.8/scala-reflect-2.12.8-sources.jar ...
INFO  [info] 	[SUCCESSFUL ] org.typelevel#machinist_2.12;0.6.6!machinist_2.12.jar(src) (707ms)
INFO  [info] 	[SUCCESSFUL ] org.typelevel#cats-macros_2.12;1.6.0!cats-macros_2.12.jar(src) (719ms)
INFO  [info] 	[SUCCESSFUL ] org.typelevel#cats-kernel_2.12;1.6.0!cats-kernel_2.12.jar(src) (740ms)
INFO  [info] downloading https://repo1.maven.org/maven2/org/scalameta/semanticdb-scalac_2.12.8/4.1.9/semanticdb-scalac_2.12.8-4.1.9-sources.jar ...
INFO  [info] downloading https://repo1.maven.org/maven2/org/scala-lang/modules/scala-xml_2.12/1.0.6/scala-xml_2.12-1.0.6-sources.jar ...
INFO  [info] downloading https://repo1.maven.org/maven2/org/scala-lang/scala-compiler/2.12.8/scala-compiler-2.12.8-sources.jar ...
INFO  [info] 	[SUCCESSFUL ] org.scala-lang#scala-library;2.12.8!scala-library.jar(src) (1051ms)
INFO  [info] 	[SUCCESSFUL ] org.typelevel#cats-core_2.12;1.6.0!cats-core_2.12.jar(src) (1126ms)
INFO  [info] 	[SUCCESSFUL ] org.scalameta#semanticdb-scalac_2.12.8;4.1.9!semanticdb-scalac_2.12.8.jar(src) (664ms)
INFO  [info] 	[SUCCESSFUL ] org.scala-lang.modules#scala-xml_2.12;1.0.6!scala-xml_2.12.jar(src) (836ms)
INFO  [info] 	[SUCCESSFUL ] org.scala-lang#scala-reflect;2.12.8!scala-reflect.jar(src) (1930ms)
INFO  [info] 	[SUCCESSFUL ] org.scala-lang#scala-compiler;2.12.8!scala-compiler.jar(src) (1624ms)
INFO  [success] Generated .bloop/hello-world.json
INFO  [success] Generated .bloop/hello-world-test.json
INFO  [success] Total time: 8 s, completed 2019/06/12 22:09:04
INFO  build tool exit: 0
INFO  time: ran 'sbt bloopInstall' in 1m17s
INFO  running embedded 'bloop bsp --protocol local --socket /var/folders/s_/vk78675d6jq3c__8rsm44nxh0000gn/T/bsp1621940632825052046/-1gzfm4346fjyb.socket'
Downloading https://repo1.maven.org/maven2/ch/epfl/scala/bloop-frontend_2.12/1.3.2/bloop-frontend_2.12-1.3.2.pom.sha1
Downloading https://repo1.maven.org/maven2/ch/epfl/scala/bloop-frontend_2.12/1.3.2/bloop-frontend_2.12-1.3.2.pom
Downloaded https://repo1.maven.org/maven2/ch/epfl/scala/bloop-frontend_2.12/1.3.2/bloop-frontend_2.12-1.3.2.pom
Downloaded https://repo1.maven.org/maven2/ch/epfl/scala/bloop-frontend_2.12/1.3.2/bloop-frontend_2.12-1.3.2.pom.sha1
Downloading https://repo1.maven.org/maven2/ch/epfl/scala/bloop-frontend_2.12/1.3.2/
Downloaded https://repo1.maven.org/maven2/ch/epfl/scala/bloop-frontend_2.12/1.3.2/
Downloading https://repo1.maven.org/maven2/ch/epfl/scala/sockets/1.3.2/sockets-1.3.2.pom.sha1
Downloading https://repo1.maven.org/maven2/ch/epfl/scala/sockets/1.3.2/sockets-1.3.2.pom
Downloading https://repo1.maven.org/maven2/ch/epfl/scala/case-app_2.12/1.2.0-faster-compile-time/case-app_2.12-1.2.0-faster-compile-time.pom
Downloading https://repo1.maven.org/maven2/ch/epfl/scala/case-app_2.12/1.2.0-faster-compile-time/case-app_2.12-1.2.0-faster-compile-time.pom.sha1
Downloading https://repo1.maven.org/maven2/org/scalaz/scalaz-core_2.12/7.2.20/scalaz-core_2.12-7.2.20.pom.sha1
Downloading https://repo1.maven.org/maven2/org/scalaz/scalaz-core_2.12/7.2.20/scalaz-core_2.12-7.2.20.pom
Downloaded https://repo1.maven.org/maven2/ch/epfl/scala/sockets/1.3.2/sockets-1.3.2.pom.sha1
Downloading https://repo1.maven.org/maven2/ch/epfl/scala/bloop-backend_2.12/1.3.2/bloop-backend_2.12-1.3.2.pom
Downloaded https://repo1.maven.org/maven2/ch/epfl/scala/bloop-backend_2.12/1.3.2/bloop-backend_2.12-1.3.2.pom
Downloading https://repo1.maven.org/maven2/ch/epfl/scala/bloop-config_2.12/1.3.2/bloop-config_2.12-1.3.2.pom
Downloaded https://repo1.maven.org/maven2/ch/epfl/scala/sockets/1.3.2/sockets-1.3.2.pom
Downloading https://repo1.maven.org/maven2/com/zaxxer/nuprocess/1.2.4/
Downloaded https://repo1.maven.org/maven2/ch/epfl/scala/case-app_2.12/1.2.0-faster-compile-time/case-app_2.12-1.2.0-faster-compile-time.pom
Downloading https://repo1.maven.org/maven2/ch/epfl/scala/bloop-config_2.12/1.3.2/bloop-config_2.12-1.3.2.pom.sha1
Downloaded https://repo1.maven.org/maven2/org/scalaz/scalaz-core_2.12/7.2.20/scalaz-core_2.12-7.2.20.pom.sha1
Downloading https://repo1.maven.org/maven2/ch/epfl/scala/bloop-backend_2.12/1.3.2/bloop-backend_2.12-1.3.2.pom.sha1
Downloaded https://repo1.maven.org/maven2/ch/epfl/scala/case-app_2.12/1.2.0-faster-compile-time/case-app_2.12-1.2.0-faster-compile-time.pom.sha1
Downloaded https://repo1.maven.org/maven2/ch/epfl/scala/bloop-config_2.12/1.3.2/bloop-config_2.12-1.3.2.pom
Downloading https://repo1.maven.org/maven2/io/monix/monix_2.12/2.3.3/monix_2.12-2.3.3.pom
Downloading https://repo1.maven.org/maven2/io/monix/monix_2.12/2.3.3/monix_2.12-2.3.3.pom.sha1
Downloaded https://repo1.maven.org/maven2/org/scalaz/scalaz-core_2.12/7.2.20/scalaz-core_2.12-7.2.20.pom
Downloading https://repo1.maven.org/maven2/org/scala-lang/scala-library/2.12.8/
Downloaded https://repo1.maven.org/maven2/com/zaxxer/nuprocess/1.2.4/
Downloading https://repo1.maven.org/maven2/ch/epfl/scala/sockets/1.3.2/
Downloaded https://repo1.maven.org/maven2/ch/epfl/scala/bloop-config_2.12/1.3.2/bloop-config_2.12-1.3.2.pom.sha1
Downloading https://repo1.maven.org/maven2/ch/epfl/scala/case-app_2.12/1.2.0-faster-compile-time/
Downloaded https://repo1.maven.org/maven2/ch/epfl/scala/bloop-backend_2.12/1.3.2/bloop-backend_2.12-1.3.2.pom.sha1
Downloaded https://repo1.maven.org/maven2/io/monix/monix_2.12/2.3.3/monix_2.12-2.3.3.pom
Downloading https://repo1.maven.org/maven2/org/scalaz/scalaz-core_2.12/7.2.20/
Downloaded https://repo1.maven.org/maven2/io/monix/monix_2.12/2.3.3/monix_2.12-2.3.3.pom.sha1
Downloaded https://repo1.maven.org/maven2/org/scala-lang/scala-library/2.12.8/
Downloading https://repo1.maven.org/maven2/ch/epfl/scala/bloop-config_2.12/1.3.2/
Downloading https://repo1.maven.org/maven2/ch/epfl/scala/bloop-backend_2.12/1.3.2/
Downloading https://repo1.maven.org/maven2/io/monix/monix_2.12/2.3.3/
Downloaded https://repo1.maven.org/maven2/ch/epfl/scala/sockets/1.3.2/
Downloaded https://repo1.maven.org/maven2/ch/epfl/scala/case-app_2.12/1.2.0-faster-compile-time/
Downloaded https://repo1.maven.org/maven2/org/scalaz/scalaz-core_2.12/7.2.20/
Downloaded https://repo1.maven.org/maven2/ch/epfl/scala/bloop-config_2.12/1.3.2/
Downloaded https://repo1.maven.org/maven2/ch/epfl/scala/bloop-backend_2.12/1.3.2/
Downloaded https://repo1.maven.org/maven2/io/monix/monix_2.12/2.3.3/
Downloading https://repo1.maven.org/maven2/org/sonatype/oss/oss-parent/7/
Downloaded https://repo1.maven.org/maven2/org/sonatype/oss/oss-parent/7/
Downloading https://repo1.maven.org/maven2/io/circe/circe-parser_2.12/0.9.3/circe-parser_2.12-0.9.3.pom
Downloading https://repo1.maven.org/maven2/io/circe/circe-parser_2.12/0.9.3/circe-parser_2.12-0.9.3.pom.sha1
Downloading https://repo1.maven.org/maven2/ch/epfl/scala/nailgun-server/ee3c4343/nailgun-server-ee3c4343.pom.sha1
Downloading https://repo1.maven.org/maven2/ch/epfl/scala/nailgun-server/ee3c4343/nailgun-server-ee3c4343.pom
Downloading https://repo1.maven.org/maven2/io/github/soc/directories/10/directories-10.pom.sha1
Downloading https://repo1.maven.org/maven2/io/github/soc/directories/10/directories-10.pom
Downloaded https://repo1.maven.org/maven2/io/circe/circe-parser_2.12/0.9.3/circe-parser_2.12-0.9.3.pom.sha1
Downloaded https://repo1.maven.org/maven2/io/github/soc/directories/10/directories-10.pom.sha1
Downloaded https://repo1.maven.org/maven2/ch/epfl/scala/nailgun-server/ee3c4343/nailgun-server-ee3c4343.pom.sha1
Downloaded https://repo1.maven.org/maven2/io/circe/circe-parser_2.12/0.9.3/circe-parser_2.12-0.9.3.pom
Downloading https://repo1.maven.org/maven2/io/monix/monix-execution_2.12/2.3.3/monix-execution_2.12-2.3.3.pom.sha1
Downloading https://repo1.maven.org/maven2/org/scalaz/scalaz-concurrent_2.12/7.2.20/scalaz-concurrent_2.12-7.2.20.pom
Downloading https://repo1.maven.org/maven2/org/scalaz/scalaz-concurrent_2.12/7.2.20/scalaz-concurrent_2.12-7.2.20.pom.sha1
Downloading https://repo1.maven.org/maven2/org/scala-sbt/librarymanagement-ivy_2.12/1.0.0/librarymanagement-ivy_2.12-1.0.0.pom
Downloaded https://repo1.maven.org/maven2/io/github/soc/directories/10/directories-10.pom
Downloading https://repo1.maven.org/maven2/io/get-coursier/coursier_2.12/1.1.0-M14-4/coursier_2.12-1.1.0-M14-4.pom.sha1
Downloaded https://repo1.maven.org/maven2/org/scala-sbt/librarymanagement-ivy_2.12/1.0.0/librarymanagement-ivy_2.12-1.0.0.pom
Downloading https://repo1.maven.org/maven2/ch/epfl/scala/bsp4s_2.12/2.0.0-M4/bsp4s_2.12-2.0.0-M4.pom.sha1
Downloaded https://repo1.maven.org/maven2/io/monix/monix-execution_2.12/2.3.3/monix-execution_2.12-2.3.3.pom.sha1
Downloading https://repo1.maven.org/maven2/org/scala-sbt/librarymanagement-ivy_2.12/1.0.0/librarymanagement-ivy_2.12-1.0.0.pom.sha1
Downloaded https://repo1.maven.org/maven2/org/scalaz/scalaz-concurrent_2.12/7.2.20/scalaz-concurrent_2.12-7.2.20.pom
Downloading https://repo1.maven.org/maven2/io/get-coursier/coursier_2.12/1.1.0-M14-4/coursier_2.12-1.1.0-M14-4.pom
Downloaded https://repo1.maven.org/maven2/org/scalaz/scalaz-concurrent_2.12/7.2.20/scalaz-concurrent_2.12-7.2.20.pom.sha1
Downloading https://repo1.maven.org/maven2/io/circe/circe-derivation_2.12/0.9.0-M3/circe-derivation_2.12-0.9.0-M3.pom
Downloaded https://repo1.maven.org/maven2/io/get-coursier/coursier_2.12/1.1.0-M14-4/coursier_2.12-1.1.0-M14-4.pom.sha1
Downloading https://repo1.maven.org/maven2/io/zipkin/reporter2/zipkin-sender-urlconnection/2.7.15/zipkin-sender-urlconnection-2.7.15.pom
Downloaded https://repo1.maven.org/maven2/ch/epfl/scala/nailgun-server/ee3c4343/nailgun-server-ee3c4343.pom
Downloading https://repo1.maven.org/maven2/net/java/dev/jna/jna-platform/4.5.0/
Downloaded https://repo1.maven.org/maven2/ch/epfl/scala/bsp4s_2.12/2.0.0-M4/bsp4s_2.12-2.0.0-M4.pom.sha1
Downloading https://repo1.maven.org/maven2/org/ow2/asm/asm-util/6.0/asm-util-6.0.pom
Downloaded https://repo1.maven.org/maven2/io/get-coursier/coursier_2.12/1.1.0-M14-4/coursier_2.12-1.1.0-M14-4.pom
Downloading https://repo1.maven.org/maven2/org/ow2/asm/asm-util/6.0/asm-util-6.0.pom.sha1
Downloaded https://repo1.maven.org/maven2/org/scala-sbt/librarymanagement-ivy_2.12/1.0.0/librarymanagement-ivy_2.12-1.0.0.pom.sha1
Downloading https://repo1.maven.org/maven2/io/monix/monix-execution_2.12/2.3.3/monix-execution_2.12-2.3.3.pom
Downloaded https://repo1.maven.org/maven2/io/circe/circe-derivation_2.12/0.9.0-M3/circe-derivation_2.12-0.9.0-M3.pom
Downloading https://repo1.maven.org/maven2/io/zipkin/reporter2/zipkin-sender-urlconnection/2.7.15/zipkin-sender-urlconnection-2.7.15.pom.sha1
Downloaded https://repo1.maven.org/maven2/io/zipkin/reporter2/zipkin-sender-urlconnection/2.7.15/zipkin-sender-urlconnection-2.7.15.pom
Downloading https://repo1.maven.org/maven2/ch/epfl/scala/bsp4s_2.12/2.0.0-M4/bsp4s_2.12-2.0.0-M4.pom
Downloaded https://repo1.maven.org/maven2/net/java/dev/jna/jna-platform/4.5.0/
Downloading https://repo1.maven.org/maven2/org/scala-sbt/test-interface/1.0/test-interface-1.0.pom
Downloaded https://repo1.maven.org/maven2/org/ow2/asm/asm-util/6.0/asm-util-6.0.pom
Downloading https://repo1.maven.org/maven2/io/circe/circe-derivation_2.12/0.9.0-M3/circe-derivation_2.12-0.9.0-M3.pom.sha1
Downloaded https://repo1.maven.org/maven2/org/ow2/asm/asm-util/6.0/asm-util-6.0.pom.sha1
Downloading https://repo1.maven.org/maven2/org/scala-sbt/test-interface/1.0/test-interface-1.0.pom.sha1
Downloaded https://repo1.maven.org/maven2/io/zipkin/reporter2/zipkin-sender-urlconnection/2.7.15/zipkin-sender-urlconnection-2.7.15.pom.sha1
Downloading https://repo1.maven.org/maven2/ch/epfl/scala/case-app-annotations_2.12/1.2.0-faster-compile-time/case-app-annotations_2.12-1.2.0-faster-compile-time.pom
Downloaded https://repo1.maven.org/maven2/io/monix/monix-execution_2.12/2.3.3/monix-execution_2.12-2.3.3.pom
Downloading https://repo1.maven.org/maven2/ch/epfl/scala/case-app-annotations_2.12/1.2.0-faster-compile-time/case-app-annotations_2.12-1.2.0-faster-compile-time.pom.sha1
Downloaded https://repo1.maven.org/maven2/ch/epfl/scala/bsp4s_2.12/2.0.0-M4/bsp4s_2.12-2.0.0-M4.pom
Downloading https://repo1.maven.org/maven2/io/zipkin/brave/brave/5.6.1/brave-5.6.1.pom
Downloaded https://repo1.maven.org/maven2/io/circe/circe-derivation_2.12/0.9.0-M3/circe-derivation_2.12-0.9.0-M3.pom.sha1
Downloading https://repo1.maven.org/maven2/ch/epfl/scala/directory-watcher/0.8.0+6-f651bd93/directory-watcher-0.8.0+6-f651bd93.pom
Downloaded https://repo1.maven.org/maven2/org/scala-sbt/test-interface/1.0/test-interface-1.0.pom
Downloading https://repo1.maven.org/maven2/org/scala-sbt/test-agent/1.0.4/test-agent-1.0.4.pom
Downloaded https://repo1.maven.org/maven2/org/scala-sbt/test-interface/1.0/test-interface-1.0.pom.sha1
Downloading https://repo1.maven.org/maven2/io/zipkin/brave/brave/5.6.1/brave-5.6.1.pom.sha1
Downloaded https://repo1.maven.org/maven2/ch/epfl/scala/case-app-annotations_2.12/1.2.0-faster-compile-time/case-app-annotations_2.12-1.2.0-faster-compile-time.pom
Downloading https://repo1.maven.org/maven2/org/scala-sbt/test-agent/1.0.4/test-agent-1.0.4.pom.sha1
Downloaded https://repo1.maven.org/maven2/ch/epfl/scala/case-app-annotations_2.12/1.2.0-faster-compile-time/case-app-annotations_2.12-1.2.0-faster-compile-time.pom.sha1
Downloading https://repo1.maven.org/maven2/ch/epfl/scala/directory-watcher/0.8.0+6-f651bd93/directory-watcher-0.8.0+6-f651bd93.pom.sha1
Downloaded https://repo1.maven.org/maven2/io/zipkin/brave/brave/5.6.1/brave-5.6.1.pom
Downloading https://repo1.maven.org/maven2/io/monix/monix-reactive_2.12/2.3.3/monix-reactive_2.12-2.3.3.pom
Downloaded https://repo1.maven.org/maven2/org/scala-sbt/test-agent/1.0.4/test-agent-1.0.4.pom
Downloaded https://repo1.maven.org/maven2/ch/epfl/scala/directory-watcher/0.8.0+6-f651bd93/directory-watcher-0.8.0+6-f651bd93.pom
Downloading https://repo1.maven.org/maven2/io/monix/monix-reactive_2.12/2.3.3/monix-reactive_2.12-2.3.3.pom.sha1
Downloading https://repo1.maven.org/maven2/ch/epfl/scala/case-app-util_2.12/1.2.0-faster-compile-time/case-app-util_2.12-1.2.0-faster-compile-time.pom
Downloaded https://repo1.maven.org/maven2/io/zipkin/brave/brave/5.6.1/brave-5.6.1.pom.sha1
Downloading https://repo1.maven.org/maven2/ch/epfl/scala/case-app-util_2.12/1.2.0-faster-compile-time/case-app-util_2.12-1.2.0-faster-compile-time.pom.sha1
Downloaded https://repo1.maven.org/maven2/ch/epfl/scala/directory-watcher/0.8.0+6-f651bd93/directory-watcher-0.8.0+6-f651bd93.pom.sha1
Downloading https://repo1.maven.org/maven2/net/jpountz/lz4/lz4/1.3.0/lz4-1.3.0.pom
Downloaded https://repo1.maven.org/maven2/org/scala-sbt/test-agent/1.0.4/test-agent-1.0.4.pom.sha1
Downloading https://repo1.maven.org/maven2/net/jpountz/lz4/lz4/1.3.0/lz4-1.3.0.pom.sha1
Downloaded https://repo1.maven.org/maven2/io/monix/monix-reactive_2.12/2.3.3/monix-reactive_2.12-2.3.3.pom
Downloading https://repo1.maven.org/maven2/ch/epfl/scala/zinc_2.12/1.3.0-M4+22-4704d479/zinc_2.12-1.3.0-M4+22-4704d479.pom.sha1
Downloaded https://repo1.maven.org/maven2/ch/epfl/scala/case-app-util_2.12/1.2.0-faster-compile-time/case-app-util_2.12-1.2.0-faster-compile-time.pom.sha1
Downloading https://repo1.maven.org/maven2/ch/epfl/scala/zinc_2.12/1.3.0-M4+22-4704d479/zinc_2.12-1.3.0-M4+22-4704d479.pom
Downloaded https://repo1.maven.org/maven2/io/monix/monix-reactive_2.12/2.3.3/monix-reactive_2.12-2.3.3.pom.sha1
Downloaded https://repo1.maven.org/maven2/ch/epfl/scala/case-app-util_2.12/1.2.0-faster-compile-time/case-app-util_2.12-1.2.0-faster-compile-time.pom
Downloading https://repo1.maven.org/maven2/org/ow2/asm/asm/6.0/asm-6.0.pom.sha1
Downloaded https://repo1.maven.org/maven2/net/jpountz/lz4/lz4/1.3.0/lz4-1.3.0.pom.sha1
Downloading https://repo1.maven.org/maven2/org/ow2/asm/asm/6.0/asm-6.0.pom
Downloaded https://repo1.maven.org/maven2/net/jpountz/lz4/lz4/1.3.0/lz4-1.3.0.pom
Downloading https://repo1.maven.org/maven2/io/monix/monix-types_2.12/2.3.3/monix-types_2.12-2.3.3.pom.sha1
Downloading https://repo1.maven.org/maven2/io/monix/monix-types_2.12/2.3.3/monix-types_2.12-2.3.3.pom
Downloaded https://repo1.maven.org/maven2/ch/epfl/scala/zinc_2.12/1.3.0-M4+22-4704d479/zinc_2.12-1.3.0-M4+22-4704d479.pom.sha1
Downloading https://repo1.maven.org/maven2/io/monix/monix-eval_2.12/2.3.3/monix-eval_2.12-2.3.3.pom
Downloaded https://repo1.maven.org/maven2/ch/epfl/scala/zinc_2.12/1.3.0-M4+22-4704d479/zinc_2.12-1.3.0-M4+22-4704d479.pom
Downloading https://repo1.maven.org/maven2/com/lihaoyi/sourcecode_2.12/0.1.4/
Downloaded https://repo1.maven.org/maven2/org/ow2/asm/asm/6.0/asm-6.0.pom.sha1
Downloading https://repo1.maven.org/maven2/org/zeroturnaround/zt-zip/1.13/zt-zip-1.13.pom
Downloaded https://repo1.maven.org/maven2/org/ow2/asm/asm/6.0/asm-6.0.pom
Downloading https://repo1.maven.org/maven2/io/monix/monix-eval_2.12/2.3.3/monix-eval_2.12-2.3.3.pom.sha1
Downloaded https://repo1.maven.org/maven2/io/monix/monix-types_2.12/2.3.3/monix-types_2.12-2.3.3.pom
Downloading https://repo1.maven.org/maven2/io/get-coursier/coursier-cache_2.12/1.1.0-M14-4/coursier-cache_2.12-1.1.0-M14-4.pom
Downloaded https://repo1.maven.org/maven2/io/monix/monix-types_2.12/2.3.3/monix-types_2.12-2.3.3.pom.sha1
Downloading https://repo1.maven.org/maven2/org/zeroturnaround/zt-zip/1.13/zt-zip-1.13.pom.sha1
Downloaded https://repo1.maven.org/maven2/com/lihaoyi/sourcecode_2.12/0.1.4/
Downloading https://repo1.maven.org/maven2/io/get-coursier/coursier-cache_2.12/1.1.0-M14-4/coursier-cache_2.12-1.1.0-M14-4.pom.sha1
Downloaded https://repo1.maven.org/maven2/org/zeroturnaround/zt-zip/1.13/zt-zip-1.13.pom
Downloaded https://repo1.maven.org/maven2/io/monix/monix-eval_2.12/2.3.3/monix-eval_2.12-2.3.3.pom
Downloaded https://repo1.maven.org/maven2/io/monix/monix-eval_2.12/2.3.3/monix-eval_2.12-2.3.3.pom.sha1
Downloaded https://repo1.maven.org/maven2/io/get-coursier/coursier-cache_2.12/1.1.0-M14-4/coursier-cache_2.12-1.1.0-M14-4.pom
Downloading https://repo1.maven.org/maven2/com/lihaoyi/pprint_2.12/0.5.3/
Downloaded https://repo1.maven.org/maven2/org/zeroturnaround/zt-zip/1.13/zt-zip-1.13.pom.sha1
Downloading https://repo1.maven.org/maven2/net/java/dev/jna/jna/4.5.1/
Downloading https://repo1.maven.org/maven2/com/googlecode/java-diff-utils/diffutils/1.3.0/
Downloading https://repo1.maven.org/maven2/io/circe/circe-parser_2.12/0.9.3/
Downloading https://repo1.maven.org/maven2/io/github/soc/directories/10/
Downloaded https://repo1.maven.org/maven2/io/get-coursier/coursier-cache_2.12/1.1.0-M14-4/coursier-cache_2.12-1.1.0-M14-4.pom.sha1
Downloading https://repo1.maven.org/maven2/ch/epfl/scala/nailgun-server/ee3c4343/
Downloaded https://repo1.maven.org/maven2/com/lihaoyi/pprint_2.12/0.5.3/
Downloading https://repo1.maven.org/maven2/org/scalaz/scalaz-concurrent_2.12/7.2.20/
Downloaded https://repo1.maven.org/maven2/net/java/dev/jna/jna/4.5.1/
Downloading https://repo1.maven.org/maven2/io/get-coursier/coursier_2.12/1.1.0-M14-4/
Downloaded https://repo1.maven.org/maven2/com/googlecode/java-diff-utils/diffutils/1.3.0/
Downloading https://repo1.maven.org/maven2/org/scala-sbt/librarymanagement-ivy_2.12/1.0.0/
Downloaded https://repo1.maven.org/maven2/io/circe/circe-parser_2.12/0.9.3/
Downloading https://repo1.maven.org/maven2/org/ow2/asm/asm-util/6.0/
Downloaded https://repo1.maven.org/maven2/io/github/soc/directories/10/
Downloading https://repo1.maven.org/maven2/io/zipkin/reporter2/zipkin-sender-urlconnection/2.7.15/
Downloaded https://repo1.maven.org/maven2/ch/epfl/scala/nailgun-server/ee3c4343/
Downloading https://repo1.maven.org/maven2/io/monix/monix-execution_2.12/2.3.3/
Downloaded https://repo1.maven.org/maven2/org/scalaz/scalaz-concurrent_2.12/7.2.20/
Downloading https://repo1.maven.org/maven2/ch/epfl/scala/bsp4s_2.12/2.0.0-M4/
Downloaded https://repo1.maven.org/maven2/io/get-coursier/coursier_2.12/1.1.0-M14-4/
Downloading https://repo1.maven.org/maven2/io/circe/circe-derivation_2.12/0.9.0-M3/
Downloaded https://repo1.maven.org/maven2/org/scala-sbt/librarymanagement-ivy_2.12/1.0.0/
Downloading https://repo1.maven.org/maven2/org/scala-sbt/test-interface/1.0/
Downloaded https://repo1.maven.org/maven2/org/ow2/asm/asm-util/6.0/
Downloading https://repo1.maven.org/maven2/ch/epfl/scala/case-app-annotations_2.12/1.2.0-faster-compile-time/
Downloaded https://repo1.maven.org/maven2/io/zipkin/reporter2/zipkin-sender-urlconnection/2.7.15/
Downloading https://repo1.maven.org/maven2/ch/epfl/scala/directory-watcher/0.8.0+6-f651bd93/
Downloaded https://repo1.maven.org/maven2/io/monix/monix-execution_2.12/2.3.3/
Downloading https://repo1.maven.org/maven2/io/monix/monix-reactive_2.12/2.3.3/
Downloaded https://repo1.maven.org/maven2/ch/epfl/scala/bsp4s_2.12/2.0.0-M4/
Downloading https://repo1.maven.org/maven2/io/zipkin/brave/brave/5.6.1/
Downloaded https://repo1.maven.org/maven2/io/circe/circe-derivation_2.12/0.9.0-M3/
Downloading https://repo1.maven.org/maven2/org/scala-sbt/test-agent/1.0.4/
Downloaded https://repo1.maven.org/maven2/org/scala-sbt/test-interface/1.0/
Downloading https://repo1.maven.org/maven2/ch/epfl/scala/case-app-util_2.12/1.2.0-faster-compile-time/
Downloaded https://repo1.maven.org/maven2/ch/epfl/scala/case-app-annotations_2.12/1.2.0-faster-compile-time/
Downloaded https://repo1.maven.org/maven2/ch/epfl/scala/directory-watcher/0.8.0+6-f651bd93/
Downloading https://repo1.maven.org/maven2/net/jpountz/lz4/lz4/1.3.0/
Downloading https://repo1.maven.org/maven2/org/ow2/asm/asm/6.0/
Downloaded https://repo1.maven.org/maven2/io/monix/monix-reactive_2.12/2.3.3/
Downloading https://repo1.maven.org/maven2/ch/epfl/scala/zinc_2.12/1.3.0-M4+22-4704d479/
Downloaded https://repo1.maven.org/maven2/io/zipkin/brave/brave/5.6.1/
Downloading https://repo1.maven.org/maven2/io/monix/monix-types_2.12/2.3.3/
Downloaded https://repo1.maven.org/maven2/ch/epfl/scala/case-app-util_2.12/1.2.0-faster-compile-time/
Downloading https://repo1.maven.org/maven2/org/zeroturnaround/zt-zip/1.13/
Downloaded https://repo1.maven.org/maven2/net/jpountz/lz4/lz4/1.3.0/
Downloading https://repo1.maven.org/maven2/io/monix/monix-eval_2.12/2.3.3/
Downloaded https://repo1.maven.org/maven2/org/scala-sbt/test-agent/1.0.4/
Downloading https://repo1.maven.org/maven2/io/get-coursier/coursier-cache_2.12/1.1.0-M14-4/
Downloaded https://repo1.maven.org/maven2/org/ow2/asm/asm/6.0/
Downloaded https://repo1.maven.org/maven2/ch/epfl/scala/zinc_2.12/1.3.0-M4+22-4704d479/
Downloaded https://repo1.maven.org/maven2/io/monix/monix-types_2.12/2.3.3/
Downloaded https://repo1.maven.org/maven2/io/monix/monix-eval_2.12/2.3.3/
Downloaded https://repo1.maven.org/maven2/io/get-coursier/coursier-cache_2.12/1.1.0-M14-4/
Downloaded https://repo1.maven.org/maven2/org/zeroturnaround/zt-zip/1.13/
Downloading https://repo1.maven.org/maven2/io/zipkin/brave/brave-parent/5.6.1/brave-parent-5.6.1.pom
Downloading https://repo1.maven.org/maven2/io/zipkin/brave/brave-parent/5.6.1/brave-parent-5.6.1.pom.sha1
Downloading https://repo1.maven.org/maven2/io/zipkin/reporter2/zipkin-reporter-parent/2.7.15/zipkin-reporter-parent-2.7.15.pom
Downloading https://repo1.maven.org/maven2/io/zipkin/reporter2/zipkin-reporter-parent/2.7.15/zipkin-reporter-parent-2.7.15.pom.sha1
Downloading https://repo1.maven.org/maven2/org/ow2/asm/asm-parent/6.0/asm-parent-6.0.pom
Downloading https://repo1.maven.org/maven2/org/ow2/asm/asm-parent/6.0/asm-parent-6.0.pom.sha1
Downloaded https://repo1.maven.org/maven2/org/ow2/asm/asm-parent/6.0/asm-parent-6.0.pom
Downloaded https://repo1.maven.org/maven2/org/ow2/asm/asm-parent/6.0/asm-parent-6.0.pom.sha1
Downloaded https://repo1.maven.org/maven2/io/zipkin/reporter2/zipkin-reporter-parent/2.7.15/zipkin-reporter-parent-2.7.15.pom.sha1
Downloading https://repo1.maven.org/maven2/org/ow2/asm/asm-parent/6.0/
Downloaded https://repo1.maven.org/maven2/io/zipkin/brave/brave-parent/5.6.1/brave-parent-5.6.1.pom
Downloaded https://repo1.maven.org/maven2/io/zipkin/reporter2/zipkin-reporter-parent/2.7.15/zipkin-reporter-parent-2.7.15.pom
Downloading https://repo1.maven.org/maven2/io/zipkin/reporter2/zipkin-reporter-parent/2.7.15/
Downloaded https://repo1.maven.org/maven2/org/ow2/asm/asm-parent/6.0/
Downloaded https://repo1.maven.org/maven2/io/zipkin/brave/brave-parent/5.6.1/brave-parent-5.6.1.pom.sha1
Downloading https://repo1.maven.org/maven2/io/zipkin/brave/brave-parent/5.6.1/
Downloaded https://repo1.maven.org/maven2/io/zipkin/reporter2/zipkin-reporter-parent/2.7.15/
Downloaded https://repo1.maven.org/maven2/io/zipkin/brave/brave-parent/5.6.1/
Downloading https://repo1.maven.org/maven2/org/ow2/ow2/1.3/ow2-1.3.pom
Downloading https://repo1.maven.org/maven2/org/ow2/ow2/1.3/ow2-1.3.pom.sha1
Downloaded https://repo1.maven.org/maven2/org/ow2/ow2/1.3/ow2-1.3.pom
Downloaded https://repo1.maven.org/maven2/org/ow2/ow2/1.3/ow2-1.3.pom.sha1
Downloading https://repo1.maven.org/maven2/org/ow2/ow2/1.3/
Downloaded https://repo1.maven.org/maven2/org/ow2/ow2/1.3/
Downloading https://repo1.maven.org/maven2/net/java/dev/jna/jna/4.5.2/jna-4.5.2.pom
Downloading https://repo1.maven.org/maven2/net/java/dev/jna/jna/4.5.2/jna-4.5.2.pom.sha1
Downloading https://repo1.maven.org/maven2/io/circe/circe-derivation_2.12/0.9.0-M4/circe-derivation_2.12-0.9.0-M4.pom.sha1
Downloading https://repo1.maven.org/maven2/io/circe/circe-derivation_2.12/0.9.0-M4/circe-derivation_2.12-0.9.0-M4.pom
Downloading https://repo1.maven.org/maven2/ch/epfl/scala/zinc-compile-core_2.12/1.3.0-M4+22-4704d479/zinc-compile-core_2.12-1.3.0-M4+22-4704d479.pom
Downloading https://repo1.maven.org/maven2/ch/epfl/scala/zinc-compile-core_2.12/1.3.0-M4+22-4704d479/zinc-compile-core_2.12-1.3.0-M4+22-4704d479.pom.sha1
Downloaded https://repo1.maven.org/maven2/net/java/dev/jna/jna/4.5.2/jna-4.5.2.pom.sha1
Downloaded https://repo1.maven.org/maven2/io/circe/circe-derivation_2.12/0.9.0-M4/circe-derivation_2.12-0.9.0-M4.pom
Downloaded https://repo1.maven.org/maven2/io/circe/circe-derivation_2.12/0.9.0-M4/circe-derivation_2.12-0.9.0-M4.pom.sha1
Downloaded https://repo1.maven.org/maven2/net/java/dev/jna/jna/4.5.2/jna-4.5.2.pom
Downloading https://repo1.maven.org/maven2/com/github/alexarchambault/argonaut-shapeless_6.2_2.12/1.2.0-M11/argonaut-shapeless_6.2_2.12-1.2.0-M11.pom
Downloaded https://repo1.maven.org/maven2/ch/epfl/scala/zinc-compile-core_2.12/1.3.0-M4+22-4704d479/zinc-compile-core_2.12-1.3.0-M4+22-4704d479.pom
Downloading https://repo1.maven.org/maven2/org/ow2/asm/asm-tree/6.0/asm-tree-6.0.pom
Downloading https://repo1.maven.org/maven2/org/ow2/asm/asm-tree/6.0/asm-tree-6.0.pom.sha1
Downloading https://repo1.maven.org/maven2/com/google/protobuf/protobuf-java/3.7.0/protobuf-java-3.7.0.pom
Downloading https://repo1.maven.org/maven2/org/scala-sbt/ivy/ivy/2.3.0-sbt-a3314352b638afbf0dca19f127e8263ed6f898bd/ivy-2.3.0-sbt-a3314352b638afbf0dca19f127e8263ed6f898bd.pom
Downloaded https://repo1.maven.org/maven2/org/ow2/asm/asm-tree/6.0/asm-tree-6.0.pom.sha1
Downloading https://repo1.maven.org/maven2/org/scala-sbt/librarymanagement-core_2.12/1.0.0/librarymanagement-core_2.12-1.0.0.pom
Downloaded https://repo1.maven.org/maven2/org/scala-sbt/ivy/ivy/2.3.0-sbt-a3314352b638afbf0dca19f127e8263ed6f898bd/ivy-2.3.0-sbt-a3314352b638afbf0dca19f127e8263ed6f898bd.pom
Downloading https://repo1.maven.org/maven2/ch/epfl/scala/zinc-core_2.12/1.3.0-M4+22-4704d479/zinc-core_2.12-1.3.0-M4+22-4704d479.pom
Downloaded https://repo1.maven.org/maven2/com/google/protobuf/protobuf-java/3.7.0/protobuf-java-3.7.0.pom
Downloading https://repo1.maven.org/maven2/com/eed3si9n/sjson-new-core_2.12/0.8.0/sjson-new-core_2.12-0.8.0.pom
Downloaded https://repo1.maven.org/maven2/org/ow2/asm/asm-tree/6.0/asm-tree-6.0.pom
Downloading https://repo1.maven.org/maven2/org/scala-sbt/librarymanagement-core_2.12/1.0.0/librarymanagement-core_2.12-1.0.0.pom.sha1
Downloaded https://repo1.maven.org/maven2/com/github/alexarchambault/argonaut-shapeless_6.2_2.12/1.2.0-M11/argonaut-shapeless_6.2_2.12-1.2.0-M11.pom
Downloading https://repo1.maven.org/maven2/ch/epfl/scala/zinc-core_2.12/1.3.0-M4+22-4704d479/zinc-core_2.12-1.3.0-M4+22-4704d479.pom.sha1
Downloaded https://repo1.maven.org/maven2/org/scala-sbt/librarymanagement-core_2.12/1.0.0/librarymanagement-core_2.12-1.0.0.pom
Downloading https://repo1.maven.org/maven2/com/eed3si9n/sjson-new-core_2.12/0.8.0/sjson-new-core_2.12-0.8.0.pom.sha1
Downloaded https://repo1.maven.org/maven2/com/eed3si9n/sjson-new-core_2.12/0.8.0/sjson-new-core_2.12-0.8.0.pom
Downloading https://repo1.maven.org/maven2/org/scalameta/lsp4s_2.12/0.2.0/lsp4s_2.12-0.2.0.pom
Downloaded https://repo1.maven.org/maven2/ch/epfl/scala/zinc-compile-core_2.12/1.3.0-M4+22-4704d479/zinc-compile-core_2.12-1.3.0-M4+22-4704d479.pom.sha1
Downloading https://repo1.maven.org/maven2/org/scalameta/lsp4s_2.12/0.2.0/lsp4s_2.12-0.2.0.pom.sha1
Downloaded https://repo1.maven.org/maven2/ch/epfl/scala/zinc-core_2.12/1.3.0-M4+22-4704d479/zinc-core_2.12-1.3.0-M4+22-4704d479.pom
Downloading https://repo1.maven.org/maven2/org/reactivestreams/reactive-streams/1.0.0/reactive-streams-1.0.0.pom
Downloaded https://repo1.maven.org/maven2/ch/epfl/scala/zinc-core_2.12/1.3.0-M4+22-4704d479/zinc-core_2.12-1.3.0-M4+22-4704d479.pom.sha1
Downloading https://repo1.maven.org/maven2/org/reactivestreams/reactive-streams/1.0.0/reactive-streams-1.0.0.pom.sha1
Downloaded https://repo1.maven.org/maven2/org/scala-sbt/librarymanagement-core_2.12/1.0.0/librarymanagement-core_2.12-1.0.0.pom.sha1
Downloading https://repo1.maven.org/maven2/io/circe/circe-jawn_2.12/0.9.3/circe-jawn_2.12-0.9.3.pom
Downloaded https://repo1.maven.org/maven2/org/reactivestreams/reactive-streams/1.0.0/reactive-streams-1.0.0.pom
Downloaded https://repo1.maven.org/maven2/org/scalameta/lsp4s_2.12/0.2.0/lsp4s_2.12-0.2.0.pom
Downloading https://repo1.maven.org/maven2/ch/epfl/scala/zinc-classfile_2.12/1.3.0-M4+22-4704d479/zinc-classfile_2.12-1.3.0-M4+22-4704d479.pom.sha1
Downloading https://repo1.maven.org/maven2/org/scalaz/scalaz-effect_2.12/7.2.20/scalaz-effect_2.12-7.2.20.pom
Downloaded https://repo1.maven.org/maven2/org/reactivestreams/reactive-streams/1.0.0/reactive-streams-1.0.0.pom.sha1
Downloading https://repo1.maven.org/maven2/io/get-coursier/coursier-core_2.12/1.1.0-M14-4/coursier-core_2.12-1.1.0-M14-4.pom
Downloaded https://repo1.maven.org/maven2/org/scalameta/lsp4s_2.12/0.2.0/lsp4s_2.12-0.2.0.pom.sha1
Downloading https://repo1.maven.org/maven2/io/get-coursier/coursier-core_2.12/1.1.0-M14-4/coursier-core_2.12-1.1.0-M14-4.pom.sha1
Downloaded https://repo1.maven.org/maven2/com/eed3si9n/sjson-new-core_2.12/0.8.0/sjson-new-core_2.12-0.8.0.pom.sha1
Downloading https://repo1.maven.org/maven2/com/github/alexarchambault/argonaut-shapeless_6.2_2.12/1.2.0-M11/argonaut-shapeless_6.2_2.12-1.2.0-M11.pom.sha1
Downloaded https://repo1.maven.org/maven2/io/get-coursier/coursier-core_2.12/1.1.0-M14-4/coursier-core_2.12-1.1.0-M14-4.pom.sha1
Downloading https://repo1.maven.org/maven2/io/zipkin/reporter2/zipkin-reporter/2.7.15/zipkin-reporter-2.7.15.pom
Downloaded https://repo1.maven.org/maven2/org/scalaz/scalaz-effect_2.12/7.2.20/scalaz-effect_2.12-7.2.20.pom
Downloading https://repo1.maven.org/maven2/io/zipkin/reporter2/zipkin-reporter/2.7.15/zipkin-reporter-2.7.15.pom.sha1
Downloaded https://repo1.maven.org/maven2/ch/epfl/scala/zinc-classfile_2.12/1.3.0-M4+22-4704d479/zinc-classfile_2.12-1.3.0-M4+22-4704d479.pom.sha1
Downloaded https://repo1.maven.org/maven2/io/get-coursier/coursier-core_2.12/1.1.0-M14-4/coursier-core_2.12-1.1.0-M14-4.pom
Downloading https://repo1.maven.org/maven2/com/google/protobuf/protobuf-java/3.7.0/protobuf-java-3.7.0.pom.sha1
Downloading https://repo1.maven.org/maven2/org/scala-sbt/ivy/ivy/2.3.0-sbt-a3314352b638afbf0dca19f127e8263ed6f898bd/ivy-2.3.0-sbt-a3314352b638afbf0dca19f127e8263ed6f898bd.pom.sha1
Downloaded https://repo1.maven.org/maven2/com/github/alexarchambault/argonaut-shapeless_6.2_2.12/1.2.0-M11/argonaut-shapeless_6.2_2.12-1.2.0-M11.pom.sha1
Downloading https://repo1.maven.org/maven2/io/circe/circe-core_2.12/0.9.3/circe-core_2.12-0.9.3.pom.sha1
Downloaded https://repo1.maven.org/maven2/io/circe/circe-jawn_2.12/0.9.3/circe-jawn_2.12-0.9.3.pom
Downloading https://repo1.maven.org/maven2/io/circe/circe-core_2.12/0.9.3/circe-core_2.12-0.9.3.pom
Downloaded https://repo1.maven.org/maven2/org/scala-sbt/ivy/ivy/2.3.0-sbt-a3314352b638afbf0dca19f127e8263ed6f898bd/ivy-2.3.0-sbt-a3314352b638afbf0dca19f127e8263ed6f898bd.pom.sha1
Downloading https://repo1.maven.org/maven2/io/zipkin/zipkin2/zipkin/2.12.1/zipkin-2.12.1.pom
Downloaded https://repo1.maven.org/maven2/io/zipkin/reporter2/zipkin-reporter/2.7.15/zipkin-reporter-2.7.15.pom
Downloading https://repo1.maven.org/maven2/io/zipkin/zipkin2/zipkin/2.12.1/zipkin-2.12.1.pom.sha1
Downloaded https://repo1.maven.org/maven2/com/google/protobuf/protobuf-java/3.7.0/protobuf-java-3.7.0.pom.sha1
Downloading https://repo1.maven.org/maven2/ch/epfl/scala/zinc-classfile_2.12/1.3.0-M4+22-4704d479/zinc-classfile_2.12-1.3.0-M4+22-4704d479.pom
Downloaded https://repo1.maven.org/maven2/io/zipkin/reporter2/zipkin-reporter/2.7.15/zipkin-reporter-2.7.15.pom.sha1
Downloading https://repo1.maven.org/maven2/io/circe/circe-jawn_2.12/0.9.3/circe-jawn_2.12-0.9.3.pom.sha1
Downloaded https://repo1.maven.org/maven2/io/circe/circe-core_2.12/0.9.3/circe-core_2.12-0.9.3.pom.sha1
Downloading https://repo1.maven.org/maven2/org/scalaz/scalaz-effect_2.12/7.2.20/scalaz-effect_2.12-7.2.20.pom.sha1
Downloaded https://repo1.maven.org/maven2/io/circe/circe-core_2.12/0.9.3/circe-core_2.12-0.9.3.pom
Downloaded https://repo1.maven.org/maven2/io/zipkin/zipkin2/zipkin/2.12.1/zipkin-2.12.1.pom
Downloaded https://repo1.maven.org/maven2/ch/epfl/scala/zinc-classfile_2.12/1.3.0-M4+22-4704d479/zinc-classfile_2.12-1.3.0-M4+22-4704d479.pom
Downloading https://repo1.maven.org/maven2/org/slf4j/slf4j-api/1.7.26/slf4j-api-1.7.26.pom
Downloaded https://repo1.maven.org/maven2/io/circe/circe-jawn_2.12/0.9.3/circe-jawn_2.12-0.9.3.pom.sha1
Downloading https://repo1.maven.org/maven2/org/slf4j/slf4j-api/1.7.26/slf4j-api-1.7.26.pom.sha1
Downloaded https://repo1.maven.org/maven2/io/zipkin/zipkin2/zipkin/2.12.1/zipkin-2.12.1.pom.sha1
Downloading https://repo1.maven.org/maven2/com/chuusai/shapeless_2.12/2.3.2/
Downloaded https://repo1.maven.org/maven2/org/scalaz/scalaz-effect_2.12/7.2.20/scalaz-effect_2.12-7.2.20.pom.sha1
Downloading https://repo1.maven.org/maven2/com/lihaoyi/fansi_2.12/0.2.5/
Downloading https://repo1.maven.org/maven2/io/circe/circe-derivation_2.12/0.9.0-M4/
Downloading https://repo1.maven.org/maven2/org/jctools/jctools-core/2.0.1/jctools-core-2.0.1.pom.sha1
Downloaded https://repo1.maven.org/maven2/org/slf4j/slf4j-api/1.7.26/slf4j-api-1.7.26.pom
Downloading https://repo1.maven.org/maven2/org/jctools/jctools-core/2.0.1/jctools-core-2.0.1.pom
Downloaded https://repo1.maven.org/maven2/org/slf4j/slf4j-api/1.7.26/slf4j-api-1.7.26.pom.sha1
Downloading https://repo1.maven.org/maven2/net/java/dev/jna/jna/4.5.2/
Downloaded https://repo1.maven.org/maven2/com/chuusai/shapeless_2.12/2.3.2/
Downloading https://repo1.maven.org/maven2/ch/epfl/scala/zinc-persist_2.12/1.3.0-M4+22-4704d479/zinc-persist_2.12-1.3.0-M4+22-4704d479.pom
Downloaded https://repo1.maven.org/maven2/io/circe/circe-derivation_2.12/0.9.0-M4/
Downloading https://repo1.maven.org/maven2/ch/epfl/scala/zinc-persist_2.12/1.3.0-M4+22-4704d479/zinc-persist_2.12-1.3.0-M4+22-4704d479.pom.sha1
Downloaded https://repo1.maven.org/maven2/com/lihaoyi/fansi_2.12/0.2.5/
Downloading https://repo1.maven.org/maven2/org/typelevel/macro-compat_2.12/1.1.1/
Downloaded https://repo1.maven.org/maven2/org/jctools/jctools-core/2.0.1/jctools-core-2.0.1.pom.sha1
Downloading https://repo1.maven.org/maven2/org/ow2/asm/asm-tree/6.0/
Downloaded https://repo1.maven.org/maven2/org/jctools/jctools-core/2.0.1/jctools-core-2.0.1.pom
Downloading https://repo1.maven.org/maven2/ch/epfl/scala/zinc-compile-core_2.12/1.3.0-M4+22-4704d479/
Downloaded https://repo1.maven.org/maven2/net/java/dev/jna/jna/4.5.2/
Downloading https://repo1.maven.org/maven2/org/scala-sbt/librarymanagement-core_2.12/1.0.0/
Downloaded https://repo1.maven.org/maven2/ch/epfl/scala/zinc-persist_2.12/1.3.0-M4+22-4704d479/zinc-persist_2.12-1.3.0-M4+22-4704d479.pom.sha1
Downloading https://repo1.maven.org/maven2/org/scalameta/lsp4s_2.12/0.2.0/
Downloaded https://repo1.maven.org/maven2/ch/epfl/scala/zinc-persist_2.12/1.3.0-M4+22-4704d479/zinc-persist_2.12-1.3.0-M4+22-4704d479.pom
Downloading https://repo1.maven.org/maven2/ch/epfl/scala/zinc-core_2.12/1.3.0-M4+22-4704d479/
Downloaded https://repo1.maven.org/maven2/org/typelevel/macro-compat_2.12/1.1.1/
Downloading https://repo1.maven.org/maven2/com/eed3si9n/sjson-new-core_2.12/0.8.0/
Downloaded https://repo1.maven.org/maven2/org/ow2/asm/asm-tree/6.0/
Downloading https://repo1.maven.org/maven2/org/scala-sbt/ivy/ivy/2.3.0-sbt-a3314352b638afbf0dca19f127e8263ed6f898bd/
Downloaded https://repo1.maven.org/maven2/ch/epfl/scala/zinc-compile-core_2.12/1.3.0-M4+22-4704d479/
Downloading https://repo1.maven.org/maven2/io/get-coursier/coursier-core_2.12/1.1.0-M14-4/
Downloaded https://repo1.maven.org/maven2/org/scala-sbt/librarymanagement-core_2.12/1.0.0/
Downloading https://repo1.maven.org/maven2/com/github/alexarchambault/argonaut-shapeless_6.2_2.12/1.2.0-M11/
Downloaded https://repo1.maven.org/maven2/org/scalameta/lsp4s_2.12/0.2.0/
Downloading https://repo1.maven.org/maven2/com/google/protobuf/protobuf-java/3.7.0/
Downloaded https://repo1.maven.org/maven2/ch/epfl/scala/zinc-core_2.12/1.3.0-M4+22-4704d479/
Downloading https://repo1.maven.org/maven2/org/reactivestreams/reactive-streams/1.0.0/
Downloaded https://repo1.maven.org/maven2/org/scala-sbt/ivy/ivy/2.3.0-sbt-a3314352b638afbf0dca19f127e8263ed6f898bd/
Downloaded https://repo1.maven.org/maven2/com/eed3si9n/sjson-new-core_2.12/0.8.0/
Downloading https://repo1.maven.org/maven2/io/zipkin/reporter2/zipkin-reporter/2.7.15/
Downloading https://repo1.maven.org/maven2/io/circe/circe-core_2.12/0.9.3/
Downloaded https://repo1.maven.org/maven2/io/get-coursier/coursier-core_2.12/1.1.0-M14-4/
Downloading https://repo1.maven.org/maven2/io/zipkin/zipkin2/zipkin/2.12.1/
Downloaded https://repo1.maven.org/maven2/com/google/protobuf/protobuf-java/3.7.0/
Downloading https://repo1.maven.org/maven2/io/circe/circe-jawn_2.12/0.9.3/
Downloaded https://repo1.maven.org/maven2/com/github/alexarchambault/argonaut-shapeless_6.2_2.12/1.2.0-M11/
Downloading https://repo1.maven.org/maven2/ch/epfl/scala/zinc-classfile_2.12/1.3.0-M4+22-4704d479/
Downloaded https://repo1.maven.org/maven2/org/reactivestreams/reactive-streams/1.0.0/
Downloading https://repo1.maven.org/maven2/org/scalaz/scalaz-effect_2.12/7.2.20/
Downloaded https://repo1.maven.org/maven2/io/circe/circe-core_2.12/0.9.3/
Downloading https://repo1.maven.org/maven2/org/jctools/jctools-core/2.0.1/
Downloaded https://repo1.maven.org/maven2/io/zipkin/reporter2/zipkin-reporter/2.7.15/
Downloading https://repo1.maven.org/maven2/org/slf4j/slf4j-api/1.7.26/
Downloaded https://repo1.maven.org/maven2/io/zipkin/zipkin2/zipkin/2.12.1/
Downloading https://repo1.maven.org/maven2/ch/epfl/scala/zinc-persist_2.12/1.3.0-M4+22-4704d479/
Downloaded https://repo1.maven.org/maven2/io/circe/circe-jawn_2.12/0.9.3/
Downloaded https://repo1.maven.org/maven2/ch/epfl/scala/zinc-classfile_2.12/1.3.0-M4+22-4704d479/
Downloaded https://repo1.maven.org/maven2/org/scalaz/scalaz-effect_2.12/7.2.20/
Downloaded https://repo1.maven.org/maven2/org/jctools/jctools-core/2.0.1/
Downloaded https://repo1.maven.org/maven2/org/slf4j/slf4j-api/1.7.26/
Downloaded https://repo1.maven.org/maven2/ch/epfl/scala/zinc-persist_2.12/1.3.0-M4+22-4704d479/
Downloading https://repo1.maven.org/maven2/io/zipkin/zipkin2/parent/2.12.1/parent-2.12.1.pom.sha1
Downloading https://repo1.maven.org/maven2/io/zipkin/zipkin2/parent/2.12.1/parent-2.12.1.pom
Downloading https://repo1.maven.org/maven2/org/slf4j/slf4j-parent/1.7.26/slf4j-parent-1.7.26.pom.sha1
Downloading https://repo1.maven.org/maven2/org/slf4j/slf4j-parent/1.7.26/slf4j-parent-1.7.26.pom
Downloading https://repo1.maven.org/maven2/com/google/protobuf/protobuf-parent/3.7.0/protobuf-parent-3.7.0.pom
Downloading https://repo1.maven.org/maven2/com/google/protobuf/protobuf-parent/3.7.0/protobuf-parent-3.7.0.pom.sha1
Downloaded https://repo1.maven.org/maven2/com/google/protobuf/protobuf-parent/3.7.0/protobuf-parent-3.7.0.pom.sha1
Downloaded https://repo1.maven.org/maven2/org/slf4j/slf4j-parent/1.7.26/slf4j-parent-1.7.26.pom
Downloaded https://repo1.maven.org/maven2/io/zipkin/zipkin2/parent/2.12.1/parent-2.12.1.pom.sha1
Downloaded https://repo1.maven.org/maven2/org/slf4j/slf4j-parent/1.7.26/slf4j-parent-1.7.26.pom.sha1
Downloaded https://repo1.maven.org/maven2/io/zipkin/zipkin2/parent/2.12.1/parent-2.12.1.pom
Downloading https://repo1.maven.org/maven2/org/slf4j/slf4j-parent/1.7.26/
Downloading https://repo1.maven.org/maven2/io/zipkin/zipkin2/parent/2.12.1/
Downloaded https://repo1.maven.org/maven2/org/slf4j/slf4j-parent/1.7.26/
Downloaded https://repo1.maven.org/maven2/io/zipkin/zipkin2/parent/2.12.1/
Downloaded https://repo1.maven.org/maven2/com/google/protobuf/protobuf-parent/3.7.0/protobuf-parent-3.7.0.pom
Downloading https://repo1.maven.org/maven2/com/google/protobuf/protobuf-parent/3.7.0/
Downloaded https://repo1.maven.org/maven2/com/google/protobuf/protobuf-parent/3.7.0/
Downloading https://repo1.maven.org/maven2/com/google/protobuf/protobuf-bom/3.7.0/protobuf-bom-3.7.0.pom.sha1
Downloading https://repo1.maven.org/maven2/com/google/protobuf/protobuf-bom/3.7.0/protobuf-bom-3.7.0.pom
Downloaded https://repo1.maven.org/maven2/com/google/protobuf/protobuf-bom/3.7.0/protobuf-bom-3.7.0.pom
Downloaded https://repo1.maven.org/maven2/com/google/protobuf/protobuf-bom/3.7.0/protobuf-bom-3.7.0.pom.sha1
Downloading https://repo1.maven.org/maven2/com/google/protobuf/protobuf-bom/3.7.0/
Downloaded https://repo1.maven.org/maven2/com/google/protobuf/protobuf-bom/3.7.0/
Downloading https://repo1.maven.org/maven2/com/chuusai/shapeless_2.12/2.3.3/shapeless_2.12-2.3.3.pom
Downloading https://repo1.maven.org/maven2/com/chuusai/shapeless_2.12/2.3.3/shapeless_2.12-2.3.3.pom.sha1
Downloading https://repo1.maven.org/maven2/org/scala-sbt/util-position_2.12/1.0.0/util-position_2.12-1.0.0.pom
Downloading https://repo1.maven.org/maven2/org/scala-sbt/util-position_2.12/1.0.0/util-position_2.12-1.0.0.pom.sha1
Downloading https://repo1.maven.org/maven2/org/typelevel/cats-core_2.12/1.0.1/cats-core_2.12-1.0.1.pom
Downloading https://repo1.maven.org/maven2/org/typelevel/cats-core_2.12/1.0.1/cats-core_2.12-1.0.1.pom.sha1
Downloaded https://repo1.maven.org/maven2/org/scala-sbt/util-position_2.12/1.0.0/util-position_2.12-1.0.0.pom
Downloading https://repo1.maven.org/maven2/org/scala-sbt/util-relation_2.12/1.2.1/util-relation_2.12-1.2.1.pom
Downloaded https://repo1.maven.org/maven2/org/typelevel/cats-core_2.12/1.0.1/cats-core_2.12-1.0.1.pom.sha1
Downloading https://repo1.maven.org/maven2/org/scala-sbt/util-relation_2.12/1.2.1/util-relation_2.12-1.2.1.pom.sha1
Downloaded https://repo1.maven.org/maven2/com/chuusai/shapeless_2.12/2.3.3/shapeless_2.12-2.3.3.pom.sha1
Downloading https://repo1.maven.org/maven2/com/squareup/okhttp3/okhttp-urlconnection/3.7.0/okhttp-urlconnection-3.7.0.pom
Downloaded https://repo1.maven.org/maven2/com/chuusai/shapeless_2.12/2.3.3/shapeless_2.12-2.3.3.pom
Downloading https://repo1.maven.org/maven2/io/circe/circe-numbers_2.12/0.9.3/circe-numbers_2.12-0.9.3.pom
Downloaded https://repo1.maven.org/maven2/org/typelevel/cats-core_2.12/1.0.1/cats-core_2.12-1.0.1.pom
Downloading https://repo1.maven.org/maven2/com/squareup/okhttp3/okhttp-urlconnection/3.7.0/okhttp-urlconnection-3.7.0.pom.sha1
Downloaded https://repo1.maven.org/maven2/com/squareup/okhttp3/okhttp-urlconnection/3.7.0/okhttp-urlconnection-3.7.0.pom.sha1
Downloading https://repo1.maven.org/maven2/io/circe/circe-numbers_2.12/0.9.3/circe-numbers_2.12-0.9.3.pom.sha1
Downloaded https://repo1.maven.org/maven2/com/squareup/okhttp3/okhttp-urlconnection/3.7.0/okhttp-urlconnection-3.7.0.pom
Downloading https://repo1.maven.org/maven2/org/scala-sbt/util-cache_2.12/1.0.0/util-cache_2.12-1.0.0.pom
Downloaded https://repo1.maven.org/maven2/org/scala-sbt/util-relation_2.12/1.2.1/util-relation_2.12-1.2.1.pom.sha1
Downloading https://repo1.maven.org/maven2/org/scala-sbt/util-cache_2.12/1.0.0/util-cache_2.12-1.0.0.pom.sha1
Downloaded https://repo1.maven.org/maven2/org/scala-sbt/util-relation_2.12/1.2.1/util-relation_2.12-1.2.1.pom
Downloading https://repo1.maven.org/maven2/org/scala-sbt/launcher-interface/1.0.0/launcher-interface-1.0.0.pom
Downloaded https://repo1.maven.org/maven2/io/circe/circe-numbers_2.12/0.9.3/circe-numbers_2.12-0.9.3.pom
Downloading https://repo1.maven.org/maven2/org/scala-sbt/launcher-interface/1.0.0/launcher-interface-1.0.0.pom.sha1
Downloaded https://repo1.maven.org/maven2/org/scala-sbt/util-position_2.12/1.0.0/util-position_2.12-1.0.0.pom.sha1
Downloading https://repo1.maven.org/maven2/org/scala-lang/modules/scala-xml_2.12/1.2.0/scala-xml_2.12-1.2.0.pom
Downloaded https://repo1.maven.org/maven2/io/circe/circe-numbers_2.12/0.9.3/circe-numbers_2.12-0.9.3.pom.sha1
Downloading https://repo1.maven.org/maven2/org/scala-lang/modules/scala-xml_2.12/1.2.0/scala-xml_2.12-1.2.0.pom.sha1
Downloaded https://repo1.maven.org/maven2/org/scala-sbt/util-cache_2.12/1.0.0/util-cache_2.12-1.0.0.pom
Downloading https://repo1.maven.org/maven2/io/argonaut/argonaut_2.12/6.2.3/argonaut_2.12-6.2.3.pom
Downloaded https://repo1.maven.org/maven2/org/scala-sbt/util-cache_2.12/1.0.0/util-cache_2.12-1.0.0.pom.sha1
Downloading https://repo1.maven.org/maven2/io/argonaut/argonaut_2.12/6.2.3/argonaut_2.12-6.2.3.pom.sha1
Downloaded https://repo1.maven.org/maven2/org/scala-sbt/launcher-interface/1.0.0/launcher-interface-1.0.0.pom
Downloading https://repo1.maven.org/maven2/ch/epfl/scala/zinc-classpath_2.12/1.3.0-M4+22-4704d479/zinc-classpath_2.12-1.3.0-M4+22-4704d479.pom
Downloaded https://repo1.maven.org/maven2/org/scala-sbt/launcher-interface/1.0.0/launcher-interface-1.0.0.pom.sha1
Downloading https://repo1.maven.org/maven2/ch/epfl/scala/zinc-classpath_2.12/1.3.0-M4+22-4704d479/zinc-classpath_2.12-1.3.0-M4+22-4704d479.pom.sha1
Downloaded https://repo1.maven.org/maven2/org/scala-lang/modules/scala-xml_2.12/1.2.0/scala-xml_2.12-1.2.0.pom
Downloading https://repo1.maven.org/maven2/org/scalameta/jsonrpc_2.12/0.2.0/jsonrpc_2.12-0.2.0.pom
Downloaded https://repo1.maven.org/maven2/ch/epfl/scala/zinc-classpath_2.12/1.3.0-M4+22-4704d479/zinc-classpath_2.12-1.3.0-M4+22-4704d479.pom.sha1
Downloading https://repo1.maven.org/maven2/org/scalameta/jsonrpc_2.12/0.2.0/jsonrpc_2.12-0.2.0.pom.sha1
Downloaded https://repo1.maven.org/maven2/io/argonaut/argonaut_2.12/6.2.3/argonaut_2.12-6.2.3.pom
Downloading https://repo1.maven.org/maven2/org/scala-sbt/util-logging_2.12/1.2.1/util-logging_2.12-1.2.1.pom
Downloaded https://repo1.maven.org/maven2/ch/epfl/scala/zinc-classpath_2.12/1.3.0-M4+22-4704d479/zinc-classpath_2.12-1.3.0-M4+22-4704d479.pom
Downloading https://repo1.maven.org/maven2/org/scala-sbt/sbinary_2.12/0.4.4/sbinary_2.12-0.4.4.pom.sha1
Downloaded https://repo1.maven.org/maven2/org/scala-lang/modules/scala-xml_2.12/1.2.0/scala-xml_2.12-1.2.0.pom.sha1
Downloading https://repo1.maven.org/maven2/org/scala-sbt/util-logging_2.12/1.2.1/util-logging_2.12-1.2.1.pom.sha1
Downloaded https://repo1.maven.org/maven2/io/argonaut/argonaut_2.12/6.2.3/argonaut_2.12-6.2.3.pom.sha1
Downloading https://repo1.maven.org/maven2/org/scala-sbt/sbinary_2.12/0.4.4/sbinary_2.12-0.4.4.pom
Downloaded https://repo1.maven.org/maven2/org/scalameta/jsonrpc_2.12/0.2.0/jsonrpc_2.12-0.2.0.pom
Downloading https://repo1.maven.org/maven2/com/jcraft/jsch/0.1.46/jsch-0.1.46.pom
Downloaded https://repo1.maven.org/maven2/org/scalameta/jsonrpc_2.12/0.2.0/jsonrpc_2.12-0.2.0.pom.sha1
Downloading https://repo1.maven.org/maven2/com/jcraft/jsch/0.1.46/jsch-0.1.46.pom.sha1
Downloaded https://repo1.maven.org/maven2/org/scala-sbt/util-logging_2.12/1.2.1/util-logging_2.12-1.2.1.pom
Downloaded https://repo1.maven.org/maven2/org/scala-sbt/sbinary_2.12/0.4.4/sbinary_2.12-0.4.4.pom.sha1
Downloading https://repo1.maven.org/maven2/org/spire-math/jawn-parser_2.12/0.11.1/jawn-parser_2.12-0.11.1.pom
Downloaded https://repo1.maven.org/maven2/org/scala-sbt/sbinary_2.12/0.4.4/sbinary_2.12-0.4.4.pom
Downloading https://repo1.maven.org/maven2/org/spire-math/jawn-parser_2.12/0.11.1/jawn-parser_2.12-0.11.1.pom.sha1
Downloading https://repo1.maven.org/maven2/com/beachape/enumeratum-circe_2.12/1.5.17/enumeratum-circe_2.12-1.5.17.pom
Downloaded https://repo1.maven.org/maven2/org/scala-sbt/util-logging_2.12/1.2.1/util-logging_2.12-1.2.1.pom.sha1
Downloading https://repo1.maven.org/maven2/com/eed3si9n/gigahorse-okhttp_2.12/0.3.0/gigahorse-okhttp_2.12-0.3.0.pom.sha1
Downloaded https://repo1.maven.org/maven2/com/jcraft/jsch/0.1.46/jsch-0.1.46.pom
Downloading https://repo1.maven.org/maven2/com/eed3si9n/gigahorse-okhttp_2.12/0.3.0/gigahorse-okhttp_2.12-0.3.0.pom
Downloaded https://repo1.maven.org/maven2/com/jcraft/jsch/0.1.46/jsch-0.1.46.pom.sha1
Downloading https://repo1.maven.org/maven2/com/beachape/enumeratum-circe_2.12/1.5.17/enumeratum-circe_2.12-1.5.17.pom.sha1
Downloaded https://repo1.maven.org/maven2/com/beachape/enumeratum-circe_2.12/1.5.17/enumeratum-circe_2.12-1.5.17.pom
Downloading https://repo1.maven.org/maven2/ch/epfl/scala/zinc-apiinfo_2.12/1.3.0-M4+22-4704d479/zinc-apiinfo_2.12-1.3.0-M4+22-4704d479.pom
Downloaded https://repo1.maven.org/maven2/org/spire-math/jawn-parser_2.12/0.11.1/jawn-parser_2.12-0.11.1.pom.sha1
Downloading https://repo1.maven.org/maven2/ch/epfl/scala/zinc-apiinfo_2.12/1.3.0-M4+22-4704d479/zinc-apiinfo_2.12-1.3.0-M4+22-4704d479.pom.sha1
Downloaded https://repo1.maven.org/maven2/com/eed3si9n/gigahorse-okhttp_2.12/0.3.0/gigahorse-okhttp_2.12-0.3.0.pom.sha1
Downloaded https://repo1.maven.org/maven2/org/spire-math/jawn-parser_2.12/0.11.1/jawn-parser_2.12-0.11.1.pom
Downloading https://repo1.maven.org/maven2/org/scala-sbt/util-control_2.12/1.2.1/util-control_2.12-1.2.1.pom.sha1
Downloading https://repo1.maven.org/maven2/org/scala-sbt/util-control_2.12/1.2.1/util-control_2.12-1.2.1.pom
Downloaded https://repo1.maven.org/maven2/com/eed3si9n/gigahorse-okhttp_2.12/0.3.0/gigahorse-okhttp_2.12-0.3.0.pom
Downloaded https://repo1.maven.org/maven2/com/beachape/enumeratum-circe_2.12/1.5.17/enumeratum-circe_2.12-1.5.17.pom.sha1
Downloading https://repo1.maven.org/maven2/ch/epfl/scala/compiler-interface/1.3.0-M4+22-4704d479/compiler-interface-1.3.0-M4+22-4704d479.pom
Downloading https://repo1.maven.org/maven2/ch/epfl/scala/compiler-interface/1.3.0-M4+22-4704d479/compiler-interface-1.3.0-M4+22-4704d479.pom.sha1
Downloaded https://repo1.maven.org/maven2/ch/epfl/scala/zinc-apiinfo_2.12/1.3.0-M4+22-4704d479/zinc-apiinfo_2.12-1.3.0-M4+22-4704d479.pom.sha1
Downloading https://repo1.maven.org/maven2/org/scala-lang/modules/scala-parser-combinators_2.12/1.0.5/scala-parser-combinators_2.12-1.0.5.pom.sha1
Downloaded https://repo1.maven.org/maven2/ch/epfl/scala/zinc-apiinfo_2.12/1.3.0-M4+22-4704d479/zinc-apiinfo_2.12-1.3.0-M4+22-4704d479.pom
Downloading https://repo1.maven.org/maven2/com/beachape/enumeratum_2.12/1.5.13/enumeratum_2.12-1.5.13.pom.sha1
Downloaded https://repo1.maven.org/maven2/org/scala-sbt/util-control_2.12/1.2.1/util-control_2.12-1.2.1.pom
Downloading https://repo1.maven.org/maven2/org/scala-sbt/io_2.12/1.2.0/io_2.12-1.2.0.pom.sha1
Downloaded https://repo1.maven.org/maven2/org/scala-sbt/util-control_2.12/1.2.1/util-control_2.12-1.2.1.pom.sha1
Downloading https://repo1.maven.org/maven2/org/scala-lang/modules/scala-parser-combinators_2.12/1.0.5/scala-parser-combinators_2.12-1.0.5.pom
Downloaded https://repo1.maven.org/maven2/ch/epfl/scala/compiler-interface/1.3.0-M4+22-4704d479/compiler-interface-1.3.0-M4+22-4704d479.pom.sha1
Downloading https://repo1.maven.org/maven2/org/scala-sbt/io_2.12/1.2.0/io_2.12-1.2.0.pom
Downloaded https://repo1.maven.org/maven2/ch/epfl/scala/compiler-interface/1.3.0-M4+22-4704d479/compiler-interface-1.3.0-M4+22-4704d479.pom
Downloading https://repo1.maven.org/maven2/com/beachape/enumeratum_2.12/1.5.13/enumeratum_2.12-1.5.13.pom
Downloaded https://repo1.maven.org/maven2/org/scala-lang/modules/scala-parser-combinators_2.12/1.0.5/scala-parser-combinators_2.12-1.0.5.pom.sha1
Downloaded https://repo1.maven.org/maven2/com/beachape/enumeratum_2.12/1.5.13/enumeratum_2.12-1.5.13.pom.sha1
Downloading https://repo1.maven.org/maven2/org/scala-lang/scala-reflect/2.12.8/
Downloading https://repo1.maven.org/maven2/com/chuusai/shapeless_2.12/2.3.3/
Downloaded https://repo1.maven.org/maven2/org/scala-sbt/io_2.12/1.2.0/io_2.12-1.2.0.pom.sha1
Downloading https://repo1.maven.org/maven2/org/scala-lang/scala-compiler/2.12.8/
Downloaded https://repo1.maven.org/maven2/org/scala-lang/modules/scala-parser-combinators_2.12/1.0.5/scala-parser-combinators_2.12-1.0.5.pom
Downloading https://repo1.maven.org/maven2/com/thesamet/scalapb/scalapb-runtime_2.12/0.8.0-RC1/
Downloaded https://repo1.maven.org/maven2/org/scala-sbt/io_2.12/1.2.0/io_2.12-1.2.0.pom
Downloading https://repo1.maven.org/maven2/com/squareup/okhttp3/okhttp-urlconnection/3.7.0/
Downloaded https://repo1.maven.org/maven2/com/beachape/enumeratum_2.12/1.5.13/enumeratum_2.12-1.5.13.pom
Downloading https://repo1.maven.org/maven2/org/typelevel/cats-core_2.12/1.0.1/
Downloaded https://repo1.maven.org/maven2/org/scala-lang/scala-reflect/2.12.8/
Downloading https://repo1.maven.org/maven2/io/circe/circe-numbers_2.12/0.9.3/
Downloaded https://repo1.maven.org/maven2/org/scala-lang/scala-compiler/2.12.8/
Downloading https://repo1.maven.org/maven2/org/scala-sbt/util-relation_2.12/1.2.1/
Downloaded https://repo1.maven.org/maven2/com/chuusai/shapeless_2.12/2.3.3/
Downloading https://repo1.maven.org/maven2/org/scala-sbt/util-position_2.12/1.0.0/
Downloaded https://repo1.maven.org/maven2/com/thesamet/scalapb/scalapb-runtime_2.12/0.8.0-RC1/
Downloading https://repo1.maven.org/maven2/org/scala-sbt/launcher-interface/1.0.0/
Downloaded https://repo1.maven.org/maven2/com/squareup/okhttp3/okhttp-urlconnection/3.7.0/
Downloading https://repo1.maven.org/maven2/ch/epfl/scala/zinc-classpath_2.12/1.3.0-M4+22-4704d479/
Downloaded https://repo1.maven.org/maven2/org/typelevel/cats-core_2.12/1.0.1/
Downloading https://repo1.maven.org/maven2/org/scala-sbt/util-cache_2.12/1.0.0/
Downloaded https://repo1.maven.org/maven2/io/circe/circe-numbers_2.12/0.9.3/
Downloading https://repo1.maven.org/maven2/io/argonaut/argonaut_2.12/6.2.3/
Downloaded https://repo1.maven.org/maven2/org/scala-sbt/util-relation_2.12/1.2.1/
Downloading https://repo1.maven.org/maven2/org/scala-lang/modules/scala-xml_2.12/1.2.0/
Downloaded https://repo1.maven.org/maven2/org/scala-sbt/util-position_2.12/1.0.0/
Downloading https://repo1.maven.org/maven2/org/scalameta/jsonrpc_2.12/0.2.0/
Downloaded https://repo1.maven.org/maven2/org/scala-sbt/launcher-interface/1.0.0/
Downloading https://repo1.maven.org/maven2/org/scala-sbt/util-logging_2.12/1.2.1/
Downloaded https://repo1.maven.org/maven2/ch/epfl/scala/zinc-classpath_2.12/1.3.0-M4+22-4704d479/
Downloading https://repo1.maven.org/maven2/org/scala-sbt/sbinary_2.12/0.4.4/
Downloaded https://repo1.maven.org/maven2/org/scala-sbt/util-cache_2.12/1.0.0/
Downloading https://repo1.maven.org/maven2/com/jcraft/jsch/0.1.46/
Downloaded https://repo1.maven.org/maven2/io/argonaut/argonaut_2.12/6.2.3/
Downloaded https://repo1.maven.org/maven2/org/scala-lang/modules/scala-xml_2.12/1.2.0/
Downloaded https://repo1.maven.org/maven2/org/scalameta/jsonrpc_2.12/0.2.0/
Downloading https://repo1.maven.org/maven2/org/spire-math/jawn-parser_2.12/0.11.1/
Downloading https://repo1.maven.org/maven2/com/eed3si9n/gigahorse-okhttp_2.12/0.3.0/
Downloading https://repo1.maven.org/maven2/com/beachape/enumeratum-circe_2.12/1.5.17/
Downloaded https://repo1.maven.org/maven2/org/scala-sbt/util-logging_2.12/1.2.1/
Downloading https://repo1.maven.org/maven2/ch/epfl/scala/zinc-apiinfo_2.12/1.3.0-M4+22-4704d479/
Downloaded https://repo1.maven.org/maven2/org/scala-sbt/sbinary_2.12/0.4.4/
Downloading https://repo1.maven.org/maven2/ch/epfl/scala/compiler-interface/1.3.0-M4+22-4704d479/
Downloaded https://repo1.maven.org/maven2/com/jcraft/jsch/0.1.46/
Downloading https://repo1.maven.org/maven2/org/scala-sbt/util-control_2.12/1.2.1/
Downloaded https://repo1.maven.org/maven2/org/spire-math/jawn-parser_2.12/0.11.1/
Downloading https://repo1.maven.org/maven2/com/beachape/enumeratum_2.12/1.5.13/
Downloaded https://repo1.maven.org/maven2/com/beachape/enumeratum-circe_2.12/1.5.17/
Downloading https://repo1.maven.org/maven2/org/scala-sbt/io_2.12/1.2.0/
Downloaded https://repo1.maven.org/maven2/com/eed3si9n/gigahorse-okhttp_2.12/0.3.0/
Downloading https://repo1.maven.org/maven2/org/scala-lang/modules/scala-parser-combinators_2.12/1.0.5/
Downloaded https://repo1.maven.org/maven2/ch/epfl/scala/zinc-apiinfo_2.12/1.3.0-M4+22-4704d479/
Downloaded https://repo1.maven.org/maven2/ch/epfl/scala/compiler-interface/1.3.0-M4+22-4704d479/
Downloaded https://repo1.maven.org/maven2/org/scala-sbt/util-control_2.12/1.2.1/
Downloaded https://repo1.maven.org/maven2/com/beachape/enumeratum_2.12/1.5.13/
Downloaded https://repo1.maven.org/maven2/org/scala-sbt/io_2.12/1.2.0/
Downloaded https://repo1.maven.org/maven2/org/scala-lang/modules/scala-parser-combinators_2.12/1.0.5/
Downloading https://repo1.maven.org/maven2/com/squareup/okhttp3/parent/3.7.0/parent-3.7.0.pom
Downloading https://repo1.maven.org/maven2/org/sonatype/oss/oss-parent/6/oss-parent-6.pom
Downloading https://repo1.maven.org/maven2/com/squareup/okhttp3/parent/3.7.0/parent-3.7.0.pom.sha1
Downloading https://repo1.maven.org/maven2/org/sonatype/oss/oss-parent/6/oss-parent-6.pom.sha1
Downloaded https://repo1.maven.org/maven2/org/sonatype/oss/oss-parent/6/oss-parent-6.pom.sha1
Downloaded https://repo1.maven.org/maven2/com/squareup/okhttp3/parent/3.7.0/parent-3.7.0.pom
Downloaded https://repo1.maven.org/maven2/org/sonatype/oss/oss-parent/6/oss-parent-6.pom
Downloaded https://repo1.maven.org/maven2/com/squareup/okhttp3/parent/3.7.0/parent-3.7.0.pom.sha1
Downloading https://repo1.maven.org/maven2/org/sonatype/oss/oss-parent/6/
Downloading https://repo1.maven.org/maven2/com/squareup/okhttp3/parent/3.7.0/
Downloaded https://repo1.maven.org/maven2/org/sonatype/oss/oss-parent/6/
Downloaded https://repo1.maven.org/maven2/com/squareup/okhttp3/parent/3.7.0/
Downloading https://repo1.maven.org/maven2/org/typelevel/cats-core_2.12/1.1.0/cats-core_2.12-1.1.0.pom
Downloading https://repo1.maven.org/maven2/org/typelevel/machinist_2.12/0.6.2/machinist_2.12-0.6.2.pom
Downloading https://repo1.maven.org/maven2/org/typelevel/machinist_2.12/0.6.2/machinist_2.12-0.6.2.pom.sha1
Downloading https://repo1.maven.org/maven2/org/typelevel/cats-core_2.12/1.1.0/cats-core_2.12-1.1.0.pom.sha1
Downloading https://repo1.maven.org/maven2/com/lmax/disruptor/3.3.6/disruptor-3.3.6.pom
Downloading https://repo1.maven.org/maven2/com/lmax/disruptor/3.3.6/disruptor-3.3.6.pom.sha1
Downloaded https://repo1.maven.org/maven2/com/lmax/disruptor/3.3.6/disruptor-3.3.6.pom
Downloading https://repo1.maven.org/maven2/com/eed3si9n/sjson-new-scalajson_2.12/0.8.2/sjson-new-scalajson_2.12-0.8.2.pom
Downloaded https://repo1.maven.org/maven2/org/typelevel/machinist_2.12/0.6.2/machinist_2.12-0.6.2.pom
Downloading https://repo1.maven.org/maven2/com/eed3si9n/sjson-new-scalajson_2.12/0.8.2/sjson-new-scalajson_2.12-0.8.2.pom.sha1
Downloaded https://repo1.maven.org/maven2/org/typelevel/cats-core_2.12/1.1.0/cats-core_2.12-1.1.0.pom
Downloading https://repo1.maven.org/maven2/com/eed3si9n/gigahorse-core_2.12/0.3.0/gigahorse-core_2.12-0.3.0.pom
Downloaded https://repo1.maven.org/maven2/com/lmax/disruptor/3.3.6/disruptor-3.3.6.pom.sha1
Downloading https://repo1.maven.org/maven2/com/beachape/enumeratum-macros_2.12/1.5.9/enumeratum-macros_2.12-1.5.9.pom
Downloaded https://repo1.maven.org/maven2/org/typelevel/cats-core_2.12/1.1.0/cats-core_2.12-1.1.0.pom.sha1
Downloading https://repo1.maven.org/maven2/com/beachape/enumeratum-macros_2.12/1.5.9/enumeratum-macros_2.12-1.5.9.pom.sha1
Downloaded https://repo1.maven.org/maven2/com/eed3si9n/sjson-new-scalajson_2.12/0.8.2/sjson-new-scalajson_2.12-0.8.2.pom
Downloading https://repo1.maven.org/maven2/jline/jline/2.14.4/jline-2.14.4.pom
Downloaded https://repo1.maven.org/maven2/com/eed3si9n/sjson-new-scalajson_2.12/0.8.2/sjson-new-scalajson_2.12-0.8.2.pom.sha1
Downloading https://repo1.maven.org/maven2/jline/jline/2.14.4/jline-2.14.4.pom.sha1
Downloaded https://repo1.maven.org/maven2/com/beachape/enumeratum-macros_2.12/1.5.9/enumeratum-macros_2.12-1.5.9.pom
Downloading https://repo1.maven.org/maven2/com/eed3si9n/gigahorse-core_2.12/0.3.0/gigahorse-core_2.12-0.3.0.pom.sha1
Downloaded https://repo1.maven.org/maven2/com/eed3si9n/gigahorse-core_2.12/0.3.0/gigahorse-core_2.12-0.3.0.pom
Downloading https://repo1.maven.org/maven2/org/typelevel/cats-kernel_2.12/1.0.1/cats-kernel_2.12-1.0.1.pom.sha1
Downloaded https://repo1.maven.org/maven2/com/beachape/enumeratum-macros_2.12/1.5.9/enumeratum-macros_2.12-1.5.9.pom.sha1
Downloading https://repo1.maven.org/maven2/com/eed3si9n/sjson-new-core_2.12/0.8.2/sjson-new-core_2.12-0.8.2.pom
Downloaded https://repo1.maven.org/maven2/jline/jline/2.14.4/jline-2.14.4.pom
Downloading https://repo1.maven.org/maven2/com/eed3si9n/sjson-new-core_2.12/0.8.2/sjson-new-core_2.12-0.8.2.pom.sha1
Downloaded https://repo1.maven.org/maven2/jline/jline/2.14.4/jline-2.14.4.pom.sha1
Downloading https://repo1.maven.org/maven2/org/typelevel/cats-kernel_2.12/1.0.1/cats-kernel_2.12-1.0.1.pom
Downloaded https://repo1.maven.org/maven2/com/eed3si9n/gigahorse-core_2.12/0.3.0/gigahorse-core_2.12-0.3.0.pom.sha1
Downloading https://repo1.maven.org/maven2/ch/epfl/scala/compiler-bridge_2.12/1.3.0-M4+22-4704d479/compiler-bridge_2.12-1.3.0-M4+22-4704d479.pom.sha1
Downloaded https://repo1.maven.org/maven2/org/typelevel/machinist_2.12/0.6.2/machinist_2.12-0.6.2.pom.sha1
Downloading https://repo1.maven.org/maven2/com/squareup/okhttp3/okhttp/3.7.0/okhttp-3.7.0.pom
Downloaded https://repo1.maven.org/maven2/org/typelevel/cats-kernel_2.12/1.0.1/cats-kernel_2.12-1.0.1.pom.sha1
Downloading https://repo1.maven.org/maven2/ch/epfl/scala/compiler-bridge_2.12/1.3.0-M4+22-4704d479/compiler-bridge_2.12-1.3.0-M4+22-4704d479.pom
Downloaded https://repo1.maven.org/maven2/com/eed3si9n/sjson-new-core_2.12/0.8.2/sjson-new-core_2.12-0.8.2.pom
Downloading https://repo1.maven.org/maven2/com/squareup/okhttp3/okhttp/3.7.0/okhttp-3.7.0.pom.sha1
Downloaded https://repo1.maven.org/maven2/com/eed3si9n/sjson-new-core_2.12/0.8.2/sjson-new-core_2.12-0.8.2.pom.sha1
Downloading https://repo1.maven.org/maven2/org/typelevel/cats-macros_2.12/1.0.1/cats-macros_2.12-1.0.1.pom
Downloaded https://repo1.maven.org/maven2/com/squareup/okhttp3/okhttp/3.7.0/okhttp-3.7.0.pom
Downloaded https://repo1.maven.org/maven2/ch/epfl/scala/compiler-bridge_2.12/1.3.0-M4+22-4704d479/compiler-bridge_2.12-1.3.0-M4+22-4704d479.pom.sha1
Downloading https://repo1.maven.org/maven2/com/eed3si9n/sjson-new-murmurhash_2.12/0.8.0/sjson-new-murmurhash_2.12-0.8.0.pom
Downloaded https://repo1.maven.org/maven2/org/typelevel/cats-kernel_2.12/1.0.1/cats-kernel_2.12-1.0.1.pom
Downloading https://repo1.maven.org/maven2/org/typelevel/cats-macros_2.12/1.0.1/cats-macros_2.12-1.0.1.pom.sha1
Downloading https://repo1.maven.org/maven2/com/eed3si9n/sjson-new-murmurhash_2.12/0.8.0/sjson-new-murmurhash_2.12-0.8.0.pom.sha1
Downloaded https://repo1.maven.org/maven2/ch/epfl/scala/compiler-bridge_2.12/1.3.0-M4+22-4704d479/compiler-bridge_2.12-1.3.0-M4+22-4704d479.pom
Downloading https://repo1.maven.org/maven2/com/outr/scribe_2.12/2.5.0/scribe_2.12-2.5.0.pom.sha1
Downloaded https://repo1.maven.org/maven2/com/squareup/okhttp3/okhttp/3.7.0/okhttp-3.7.0.pom.sha1
Downloading https://repo1.maven.org/maven2/com/outr/scribe_2.12/2.5.0/scribe_2.12-2.5.0.pom
Downloaded https://repo1.maven.org/maven2/org/typelevel/cats-macros_2.12/1.0.1/cats-macros_2.12-1.0.1.pom
Downloading https://repo1.maven.org/maven2/org/scala-sbt/util-interface/1.2.1/util-interface-1.2.1.pom.sha1
Downloaded https://repo1.maven.org/maven2/com/eed3si9n/sjson-new-murmurhash_2.12/0.8.0/sjson-new-murmurhash_2.12-0.8.0.pom
Downloaded https://repo1.maven.org/maven2/com/eed3si9n/sjson-new-murmurhash_2.12/0.8.0/sjson-new-murmurhash_2.12-0.8.0.pom.sha1
Downloading https://repo1.maven.org/maven2/org/scala-sbt/util-interface/1.2.1/util-interface-1.2.1.pom
Downloaded https://repo1.maven.org/maven2/org/typelevel/cats-macros_2.12/1.0.1/cats-macros_2.12-1.0.1.pom.sha1
Downloading https://repo1.maven.org/maven2/com/swoval/apple-file-events/1.3.2/apple-file-events-1.3.2.pom
Downloading https://repo1.maven.org/maven2/com/swoval/apple-file-events/1.3.2/apple-file-events-1.3.2.pom.sha1
Downloaded https://repo1.maven.org/maven2/com/outr/scribe_2.12/2.5.0/scribe_2.12-2.5.0.pom.sha1
Downloaded https://repo1.maven.org/maven2/com/outr/scribe_2.12/2.5.0/scribe_2.12-2.5.0.pom
Downloading https://repo1.maven.org/maven2/com/lihaoyi/fastparse_2.12/1.0.0/
Downloading https://repo1.maven.org/maven2/org/apache/logging/log4j/log4j-api/2.8.1/log4j-api-2.8.1.pom.sha1
Downloaded https://repo1.maven.org/maven2/org/scala-sbt/util-interface/1.2.1/util-interface-1.2.1.pom.sha1
Downloading https://repo1.maven.org/maven2/org/apache/logging/log4j/log4j-api/2.8.1/log4j-api-2.8.1.pom
Downloaded https://repo1.maven.org/maven2/com/swoval/apple-file-events/1.3.2/apple-file-events-1.3.2.pom
Downloading https://repo1.maven.org/maven2/org/apache/logging/log4j/log4j-core/2.8.1/log4j-core-2.8.1.pom.sha1
Downloaded https://repo1.maven.org/maven2/org/scala-sbt/util-interface/1.2.1/util-interface-1.2.1.pom
Downloading https://repo1.maven.org/maven2/org/apache/logging/log4j/log4j-core/2.8.1/log4j-core-2.8.1.pom
Downloaded https://repo1.maven.org/maven2/com/swoval/apple-file-events/1.3.2/apple-file-events-1.3.2.pom.sha1
Downloading https://repo1.maven.org/maven2/com/lmax/disruptor/3.3.6/
Downloaded https://repo1.maven.org/maven2/org/apache/logging/log4j/log4j-api/2.8.1/log4j-api-2.8.1.pom.sha1
Downloading https://repo1.maven.org/maven2/com/thesamet/scalapb/lenses_2.12/0.8.0-RC1/
Downloaded https://repo1.maven.org/maven2/com/lihaoyi/fastparse_2.12/1.0.0/
Downloading https://repo1.maven.org/maven2/org/typelevel/cats-core_2.12/1.1.0/
Downloaded https://repo1.maven.org/maven2/org/apache/logging/log4j/log4j-api/2.8.1/log4j-api-2.8.1.pom
Downloading https://repo1.maven.org/maven2/com/eed3si9n/sjson-new-scalajson_2.12/0.8.2/
Downloaded https://repo1.maven.org/maven2/org/apache/logging/log4j/log4j-core/2.8.1/log4j-core-2.8.1.pom.sha1
Downloading https://repo1.maven.org/maven2/com/eed3si9n/gigahorse-core_2.12/0.3.0/
Downloaded https://repo1.maven.org/maven2/com/lmax/disruptor/3.3.6/
Downloading https://repo1.maven.org/maven2/com/beachape/enumeratum-macros_2.12/1.5.9/
Downloaded https://repo1.maven.org/maven2/com/thesamet/scalapb/lenses_2.12/0.8.0-RC1/
Downloading https://repo1.maven.org/maven2/jline/jline/2.14.4/
Downloaded https://repo1.maven.org/maven2/org/typelevel/cats-core_2.12/1.1.0/
Downloading https://repo1.maven.org/maven2/org/typelevel/machinist_2.12/0.6.2/
Downloaded https://repo1.maven.org/maven2/com/eed3si9n/sjson-new-scalajson_2.12/0.8.2/
Downloaded https://repo1.maven.org/maven2/org/apache/logging/log4j/log4j-core/2.8.1/log4j-core-2.8.1.pom
Downloading https://repo1.maven.org/maven2/com/eed3si9n/sjson-new-core_2.12/0.8.2/
Downloaded https://repo1.maven.org/maven2/com/eed3si9n/gigahorse-core_2.12/0.3.0/
Downloading https://repo1.maven.org/maven2/org/typelevel/cats-kernel_2.12/1.0.1/
Downloaded https://repo1.maven.org/maven2/com/beachape/enumeratum-macros_2.12/1.5.9/
Downloading https://repo1.maven.org/maven2/ch/epfl/scala/compiler-bridge_2.12/1.3.0-M4+22-4704d479/
Downloading https://repo1.maven.org/maven2/org/typelevel/cats-macros_2.12/1.0.1/
Downloaded https://repo1.maven.org/maven2/jline/jline/2.14.4/
Downloading https://repo1.maven.org/maven2/com/squareup/okhttp3/okhttp/3.7.0/
Downloaded https://repo1.maven.org/maven2/org/typelevel/machinist_2.12/0.6.2/
Downloading https://repo1.maven.org/maven2/com/eed3si9n/sjson-new-murmurhash_2.12/0.8.0/
Downloaded https://repo1.maven.org/maven2/com/eed3si9n/sjson-new-core_2.12/0.8.2/
Downloaded https://repo1.maven.org/maven2/org/typelevel/cats-kernel_2.12/1.0.1/
Downloading https://repo1.maven.org/maven2/com/outr/scribe_2.12/2.5.0/
Downloaded https://repo1.maven.org/maven2/ch/epfl/scala/compiler-bridge_2.12/1.3.0-M4+22-4704d479/
Downloading https://repo1.maven.org/maven2/org/scala-sbt/util-interface/1.2.1/
Downloading https://repo1.maven.org/maven2/com/swoval/apple-file-events/1.3.2/
Downloaded https://repo1.maven.org/maven2/com/squareup/okhttp3/okhttp/3.7.0/
Downloading https://repo1.maven.org/maven2/org/apache/logging/log4j/log4j-api/2.8.1/
Downloaded https://repo1.maven.org/maven2/com/eed3si9n/sjson-new-murmurhash_2.12/0.8.0/
Downloading https://repo1.maven.org/maven2/org/apache/logging/log4j/log4j-core/2.8.1/
Downloaded https://repo1.maven.org/maven2/org/typelevel/cats-macros_2.12/1.0.1/
Downloaded https://repo1.maven.org/maven2/com/outr/scribe_2.12/2.5.0/
Downloaded https://repo1.maven.org/maven2/org/scala-sbt/util-interface/1.2.1/
Downloaded https://repo1.maven.org/maven2/com/swoval/apple-file-events/1.3.2/
Downloaded https://repo1.maven.org/maven2/org/apache/logging/log4j/log4j-api/2.8.1/
Downloaded https://repo1.maven.org/maven2/org/apache/logging/log4j/log4j-core/2.8.1/
Downloading https://repo1.maven.org/maven2/org/apache/logging/log4j/log4j/2.8.1/log4j-2.8.1.pom
Downloading https://repo1.maven.org/maven2/org/apache/logging/log4j/log4j/2.8.1/log4j-2.8.1.pom.sha1
Downloading https://repo1.maven.org/maven2/org/sonatype/oss/oss-parent/9/
Downloaded https://repo1.maven.org/maven2/org/apache/logging/log4j/log4j/2.8.1/log4j-2.8.1.pom.sha1
Downloaded https://repo1.maven.org/maven2/org/sonatype/oss/oss-parent/9/
Downloaded https://repo1.maven.org/maven2/org/apache/logging/log4j/log4j/2.8.1/log4j-2.8.1.pom
Downloading https://repo1.maven.org/maven2/org/apache/logging/log4j/log4j/2.8.1/
Downloaded https://repo1.maven.org/maven2/org/apache/logging/log4j/log4j/2.8.1/
Downloading https://repo1.maven.org/maven2/org/apache/logging/logging-parent/1/logging-parent-1.pom.sha1
Downloading https://repo1.maven.org/maven2/org/apache/logging/logging-parent/1/logging-parent-1.pom
Downloaded https://repo1.maven.org/maven2/org/apache/logging/logging-parent/1/logging-parent-1.pom.sha1
Downloaded https://repo1.maven.org/maven2/org/apache/logging/logging-parent/1/logging-parent-1.pom
Downloading https://repo1.maven.org/maven2/org/apache/logging/logging-parent/1/
Downloaded https://repo1.maven.org/maven2/org/apache/logging/logging-parent/1/
Downloading https://repo1.maven.org/maven2/org/apache/apache/18/apache-18.pom.sha1
Downloading https://repo1.maven.org/maven2/org/apache/apache/18/apache-18.pom
Downloaded https://repo1.maven.org/maven2/org/apache/apache/18/apache-18.pom
Downloaded https://repo1.maven.org/maven2/org/apache/apache/18/apache-18.pom.sha1
Downloading https://repo1.maven.org/maven2/org/apache/apache/18/
Downloaded https://repo1.maven.org/maven2/org/apache/apache/18/
Downloading https://repo1.maven.org/maven2/com/eed3si9n/shaded-scalajson_2.12/1.0.0-M4/shaded-scalajson_2.12-1.0.0-M4.pom
Downloading https://repo1.maven.org/maven2/com/eed3si9n/shaded-scalajson_2.12/1.0.0-M4/shaded-scalajson_2.12-1.0.0-M4.pom.sha1
Downloading https://repo1.maven.org/maven2/com/squareup/okio/okio/1.12.0/okio-1.12.0.pom
Downloading https://repo1.maven.org/maven2/com/squareup/okio/okio/1.12.0/okio-1.12.0.pom.sha1
Downloading https://repo1.maven.org/maven2/com/outr/perfolation_2.12/1.0.2/perfolation_2.12-1.0.2.pom
Downloading https://repo1.maven.org/maven2/com/outr/perfolation_2.12/1.0.2/perfolation_2.12-1.0.2.pom.sha1
Downloaded https://repo1.maven.org/maven2/com/squareup/okio/okio/1.12.0/okio-1.12.0.pom
Downloading https://repo1.maven.org/maven2/org/typelevel/cats-kernel_2.12/1.1.0/cats-kernel_2.12-1.1.0.pom
Downloaded https://repo1.maven.org/maven2/com/squareup/okio/okio/1.12.0/okio-1.12.0.pom.sha1
Downloading https://repo1.maven.org/maven2/org/typelevel/cats-kernel_2.12/1.1.0/cats-kernel_2.12-1.1.0.pom.sha1
Downloaded https://repo1.maven.org/maven2/com/eed3si9n/shaded-scalajson_2.12/1.0.0-M4/shaded-scalajson_2.12-1.0.0-M4.pom
Downloading https://repo1.maven.org/maven2/com/outr/scribe-macros_2.12/2.5.0/scribe-macros_2.12-2.5.0.pom
Downloaded https://repo1.maven.org/maven2/com/eed3si9n/shaded-scalajson_2.12/1.0.0-M4/shaded-scalajson_2.12-1.0.0-M4.pom.sha1
Downloading https://repo1.maven.org/maven2/com/typesafe/ssl-config-core_2.12/0.2.2/ssl-config-core_2.12-0.2.2.pom
Downloaded https://repo1.maven.org/maven2/com/outr/perfolation_2.12/1.0.2/perfolation_2.12-1.0.2.pom.sha1
Downloading https://repo1.maven.org/maven2/com/typesafe/ssl-config-core_2.12/0.2.2/ssl-config-core_2.12-0.2.2.pom.sha1
Downloaded https://repo1.maven.org/maven2/org/typelevel/cats-kernel_2.12/1.1.0/cats-kernel_2.12-1.1.0.pom
Downloading https://repo1.maven.org/maven2/com/outr/scribe-macros_2.12/2.5.0/scribe-macros_2.12-2.5.0.pom.sha1
Downloaded https://repo1.maven.org/maven2/org/typelevel/cats-kernel_2.12/1.1.0/cats-kernel_2.12-1.1.0.pom.sha1
Downloaded https://repo1.maven.org/maven2/com/outr/scribe-macros_2.12/2.5.0/scribe-macros_2.12-2.5.0.pom
Downloading https://repo1.maven.org/maven2/org/typelevel/cats-macros_2.12/1.1.0/cats-macros_2.12-1.1.0.pom.sha1
Downloaded https://repo1.maven.org/maven2/com/typesafe/ssl-config-core_2.12/0.2.2/ssl-config-core_2.12-0.2.2.pom
Downloading https://repo1.maven.org/maven2/org/typelevel/cats-macros_2.12/1.1.0/cats-macros_2.12-1.1.0.pom
Downloading https://repo1.maven.org/maven2/com/squareup/okio/okio/1.12.0/
Downloaded https://repo1.maven.org/maven2/com/typesafe/ssl-config-core_2.12/0.2.2/ssl-config-core_2.12-0.2.2.pom.sha1
Downloading https://repo1.maven.org/maven2/com/eed3si9n/shaded-scalajson_2.12/1.0.0-M4/
Downloaded https://repo1.maven.org/maven2/com/outr/perfolation_2.12/1.0.2/perfolation_2.12-1.0.2.pom
Downloading https://repo1.maven.org/maven2/com/lihaoyi/fastparse-utils_2.12/1.0.0/
Downloaded https://repo1.maven.org/maven2/org/typelevel/cats-macros_2.12/1.1.0/cats-macros_2.12-1.1.0.pom.sha1
Downloaded https://repo1.maven.org/maven2/com/squareup/okio/okio/1.12.0/
Downloading https://repo1.maven.org/maven2/org/typelevel/cats-kernel_2.12/1.1.0/
Downloaded https://repo1.maven.org/maven2/org/typelevel/cats-macros_2.12/1.1.0/cats-macros_2.12-1.1.0.pom
Downloading https://repo1.maven.org/maven2/com/typesafe/ssl-config-core_2.12/0.2.2/
Downloading https://repo1.maven.org/maven2/com/outr/perfolation_2.12/1.0.2/
Downloaded https://repo1.maven.org/maven2/com/outr/scribe-macros_2.12/2.5.0/scribe-macros_2.12-2.5.0.pom.sha1
Downloading https://repo1.maven.org/maven2/org/typelevel/cats-macros_2.12/1.1.0/
Downloaded https://repo1.maven.org/maven2/com/eed3si9n/shaded-scalajson_2.12/1.0.0-M4/
Downloading https://repo1.maven.org/maven2/com/outr/scribe-macros_2.12/2.5.0/
Downloaded https://repo1.maven.org/maven2/org/typelevel/cats-kernel_2.12/1.1.0/
Downloaded https://repo1.maven.org/maven2/com/lihaoyi/fastparse-utils_2.12/1.0.0/
Downloaded https://repo1.maven.org/maven2/com/typesafe/ssl-config-core_2.12/0.2.2/
Downloaded https://repo1.maven.org/maven2/org/typelevel/cats-macros_2.12/1.1.0/
Downloaded https://repo1.maven.org/maven2/com/outr/scribe-macros_2.12/2.5.0/
Downloaded https://repo1.maven.org/maven2/com/outr/perfolation_2.12/1.0.2/
Downloading https://repo1.maven.org/maven2/com/squareup/okio/okio-parent/1.12.0/okio-parent-1.12.0.pom.sha1
Downloading https://repo1.maven.org/maven2/com/squareup/okio/okio-parent/1.12.0/okio-parent-1.12.0.pom
Downloaded https://repo1.maven.org/maven2/com/squareup/okio/okio-parent/1.12.0/okio-parent-1.12.0.pom
Downloaded https://repo1.maven.org/maven2/com/squareup/okio/okio-parent/1.12.0/okio-parent-1.12.0.pom.sha1
Downloading https://repo1.maven.org/maven2/com/squareup/okio/okio-parent/1.12.0/
Downloaded https://repo1.maven.org/maven2/com/squareup/okio/okio-parent/1.12.0/
Downloading https://repo1.maven.org/maven2/com/outr/perfolation-macros_2.12/1.0.2/perfolation-macros_2.12-1.0.2.pom
Downloading https://repo1.maven.org/maven2/com/outr/perfolation-macros_2.12/1.0.2/perfolation-macros_2.12-1.0.2.pom.sha1
Downloading https://repo1.maven.org/maven2/com/typesafe/config/1.2.0/config-1.2.0.pom
Downloading https://repo1.maven.org/maven2/com/typesafe/config/1.2.0/config-1.2.0.pom.sha1
Downloaded https://repo1.maven.org/maven2/com/typesafe/config/1.2.0/config-1.2.0.pom.sha1
Downloaded https://repo1.maven.org/maven2/com/outr/perfolation-macros_2.12/1.0.2/perfolation-macros_2.12-1.0.2.pom
Downloaded https://repo1.maven.org/maven2/com/outr/perfolation-macros_2.12/1.0.2/perfolation-macros_2.12-1.0.2.pom.sha1
Downloaded https://repo1.maven.org/maven2/com/typesafe/config/1.2.0/config-1.2.0.pom
Downloading https://repo1.maven.org/maven2/com/outr/perfolation-macros_2.12/1.0.2/
Downloading https://repo1.maven.org/maven2/com/typesafe/config/1.2.0/
Downloaded https://repo1.maven.org/maven2/com/typesafe/config/1.2.0/
Downloaded https://repo1.maven.org/maven2/com/outr/perfolation-macros_2.12/1.0.2/
The server is listening for incoming connections at local:///var/folders/s_/vk78675d6jq3c__8rsm44nxh0000gn/T/bsp1621940632825052046/-1gzfm4346fjyb.socket...
Accepted incoming BSP client connection at local:///var/folders/s_/vk78675d6jq3c__8rsm44nxh0000gn/T/bsp1621940632825052046/-1gzfm4346fjyb.socket
INFO  tracing is disabled for protocol BSP, to enable tracing of incoming and outgoing JSON messages create an empty file at /Users/yo_shi/Library/Caches/org.scalameta.metals/bsp.trace.json
request received: build/initialize
INFO  time: connected to build server in 38s
BSP initialization handshake complete.
INFO  time: imported build in 0.18s
INFO  time: indexed workspace in 2.84s
INFO  compiling hello-world (1 scala source)
INFO  compiling hello-world (1 scala source)
INFO  Non-compiled module 'compiler-bridge_2.12' for Scala 2.12.8. Compiling...
INFO  compiling hello-world (1 scala source)
INFO    Compilation completed in 24.752s.
INFO  time: compiled hello-world in 11s
INFO  time: compiled hello-world in 11s
INFO  time: compiled hello-world in 11s
[0m[31m[E][0m Unhandled error handling request Request(buildTarget/compile,Some({
[0m[31m[E][0m   "targets" : [
[0m[31m[E][0m     {
[0m[31m[E][0m       "uri" : "file:/Users/yo_shi/programming/Scala/hello-world/?id=hello-world-test"
[0m[31m[E][0m     }
[0m[31m[E][0m   ]
[0m[31m[E][0m }),String("6"))
[0m[31m[E][0m java.nio.file.FileAlreadyExistsException: /Users/yo_shi/programming/Scala/hello-world/.bloop/hello-world/scala-2.12/bloop-bsp-clients-classes/classes-Metals-l042KzOBQ6u0dcB5t-4oZg==/Main$.class
[0m[31m[E][0m 	at sun.nio.fs.UnixException.translateToIOException(UnixException.java:88)
[0m[31m[E][0m 	at sun.nio.fs.UnixException.rethrowAsIOException(UnixException.java:102)
[0m[31m[E][0m 	at sun.nio.fs.UnixException.rethrowAsIOException(UnixException.java:107)
[0m[31m[E][0m 	at sun.nio.fs.UnixCopyFile.copyFile(UnixCopyFile.java:243)
[0m[31m[E][0m 	at sun.nio.fs.UnixCopyFile.copy(UnixCopyFile.java:581)
[0m[31m[E][0m 	at sun.nio.fs.UnixFileSystemProvider.copy(UnixFileSystemProvider.java:253)
[0m[31m[E][0m 	at java.nio.file.Files.copy(Files.java:1274)
[0m[31m[E][0m 	at bloop.io.ParallelOps$.copy$1(ParallelOps.scala:167)
[0m[31m[E][0m 	at bloop.io.ParallelOps$.$anonfun$copyDirectories$7(ParallelOps.scala:186)
[0m[31m[E][0m 	at scala.runtime.java8.JFunction0$mcV$sp.apply(JFunction0$mcV$sp.java:23)
[0m[31m[E][0m 	at monix.eval.internal.TaskRunLoop$.loop$2(TaskRunLoop.scala:321)
[0m[31m[E][0m 	at monix.eval.internal.TaskRunLoop$.startAsFuture(TaskRunLoop.scala:384)
[0m[31m[E][0m 	at monix.eval.Task.runAsync(Task.scala:117)
[0m[31m[E][0m 	at monix.eval.Task.runSyncMaybe(Task.scala:134)
[0m[31m[E][0m 	at monix.eval.Task.$anonfun$coeval$1(Task.scala:154)
[0m[31m[E][0m 	at monix.eval.Coeval$Always.apply(Coeval.scala:666)
[0m[31m[E][0m 	at monix.eval.Coeval.value(Coeval.scala:76)
[0m[31m[E][0m 	at bloop.io.ParallelOps$.$anonfun$copyDirectories$6(ParallelOps.scala:226)
[0m[31m[E][0m 	at monix.reactive.internal.consumers.ForeachAsyncConsumer$$anon$1.onNext(ForeachAsyncConsumer.scala:41)
[0m[31m[E][0m 	at monix.reactive.internal.consumers.LoadBalanceConsumer$$anon$2.$anonfun$signalNext$1(LoadBalanceConsumer.scala:219)
[0m[31m[E][0m 	at java.util.concurrent.ThreadPoolExecutor.runWorker(ThreadPoolExecutor.java:1149)
[0m[31m[E][0m 	at java.util.concurrent.ThreadPoolExecutor$Worker.run(ThreadPoolExecutor.java:624)
[0m[31m[E][0m 	at java.lang.Thread.run(Thread.java:748)
[0m[31m[E][0m 
[0m[31m[E][0m Response error: Error(ErrorObject(InternalError,/Users/yo_shi/programming/Scala/hello-world/.bloop/hello-world/scala-2.12/bloop-bsp-clients-classes/classes-Metals-l042KzOBQ6u0dcB5t-4oZg==/Main$.class,None),String("6"))
INFO  disconnected: build server
ERROR Failed to connect with build server, no functionality will work.
org.eclipse.lsp4j.jsonrpc.ResponseErrorException: /Users/yo_shi/programming/Scala/hello-world/.bloop/hello-world/scala-2.12/bloop-bsp-clients-classes/classes-Metals-l042KzOBQ6u0dcB5t-4oZg==/Main$.class
	at org.eclipse.lsp4j.jsonrpc.RemoteEndpoint.handleResponse(RemoteEndpoint.java:209)
	at org.eclipse.lsp4j.jsonrpc.RemoteEndpoint.consume(RemoteEndpoint.java:193)
	at org.eclipse.lsp4j.jsonrpc.json.StreamMessageProducer.handleMessage(StreamMessageProducer.java:192)
	at org.eclipse.lsp4j.jsonrpc.json.StreamMessageProducer.listen(StreamMessageProducer.java:94)
	at org.eclipse.lsp4j.jsonrpc.json.ConcurrentMessageProcessor.run(ConcurrentMessageProcessor.java:113)
	at java.util.concurrent.Executors$RunnableAdapter.call(Executors.java:511)
	at java.util.concurrent.FutureTask.run(FutureTask.java:266)
	at java.util.concurrent.ThreadPoolExecutor.runWorker(ThreadPoolExecutor.java:1149)
	at java.util.concurrent.ThreadPoolExecutor$Worker.run(ThreadPoolExecutor.java:624)
	at java.lang.Thread.run(Thread.java:748)

shutdown request received: build/shutdown
Client in /Users/yo_shi/programming/Scala/hello-world/.bloop triggered cancellation. Cancelling tasks...
[0m[31m[E][0m BSP server cancelled, closing socket...
INFO  bloop exit: 0
WARN  no build target: /Users/yo_shi/programming/Scala/hello-world/build.sbt
WARN  no build target: /Users/yo_shi/programming/Scala/hello-world/build.sbt
WARN  no build target: 
INFO  shutting down Metals
INFO  time: initialize in 1.62s
INFO  running embedded 'bloop bsp --protocol local --socket /var/folders/s_/vk78675d6jq3c__8rsm44nxh0000gn/T/bsp2816990692953870859/gyfsilwoi8rp.socket'
INFO  skipping build import with status 'Requested'
WARN  no build target: /Users/yo_shi/programming/Scala/hello-world/src/main/scala/Main.scala
The server is listening for incoming connections at local:///var/folders/s_/vk78675d6jq3c__8rsm44nxh0000gn/T/bsp2816990692953870859/gyfsilwoi8rp.socket...
Accepted incoming BSP client connection at local:///var/folders/s_/vk78675d6jq3c__8rsm44nxh0000gn/T/bsp2816990692953870859/gyfsilwoi8rp.socket
INFO  tracing is disabled for protocol BSP, to enable tracing of incoming and outgoing JSON messages create an empty file at /Users/yo_shi/Library/Caches/org.scalameta.metals/bsp.trace.json
request received: build/initialize
INFO  time: connected to build server in 13s
BSP initialization handshake complete.
INFO  time: imported build in 0.25s
INFO  time: indexed workspace in 2.44s
INFO  compiling hello-world (1 scala source)
INFO  time: compiled hello-world in 12s
INFO  shutting down Metals
shutdown request received: build/shutdown
Client in /Users/yo_shi/programming/Scala/hello-world/.bloop triggered cancellation. Cancelling tasks...
[0m[31m[E][0m BSP server cancelled, closing socket...
INFO  bloop exit: 0
